{"meta": {"format": 3, "version": "7.13.1", "timestamp": "2026-01-25T13:24:37.473862", "branch_coverage": false, "show_contexts": false}, "files": {"src\\__init__.py": {"executed_lines": [3], "summary": {"covered_lines": 1, "num_statements": 1, "percent_covered": 100.0, "percent_covered_display": "100", "missing_lines": 0, "excluded_lines": 0, "percent_statements_covered": 100.0, "percent_statements_covered_display": "100"}, "missing_lines": [], "excluded_lines": [], "functions": {"": {"executed_lines": [3], "summary": {"covered_lines": 1, "num_statements": 1, "percent_covered": 100.0, "percent_covered_display": "100", "missing_lines": 0, "excluded_lines": 0, "percent_statements_covered": 100.0, "percent_statements_covered_display": "100"}, "missing_lines": [], "excluded_lines": [], "start_line": 1}}, "classes": {"": {"executed_lines": [3], "summary": {"covered_lines": 1, "num_statements": 1, "percent_covered": 100.0, "percent_covered_display": "100", "missing_lines": 0, "excluded_lines": 0, "percent_statements_covered": 100.0, "percent_statements_covered_display": "100"}, "missing_lines": [], "excluded_lines": [], "start_line": 1}}}, "src\\ai\\__init__.py": {"executed_lines": [1, 2, 3, 4, 5, 6, 8], "summary": {"covered_lines": 7, "num_statements": 7, "percent_covered": 100.0, "percent_covered_display": "100", "missing_lines": 0, "excluded_lines": 0, "percent_statements_covered": 100.0, "percent_statements_covered_display": "100"}, "missing_lines": [], "excluded_lines": [], "functions": {"": {"executed_lines": [1, 2, 3, 4, 5, 6, 8], "summary": {"covered_lines": 7, "num_statements": 7, "percent_covered": 100.0, "percent_covered_display": "100", "missing_lines": 0, "excluded_lines": 0, "percent_statements_covered": 100.0, "percent_statements_covered_display": "100"}, "missing_lines": [], "excluded_lines": [], "start_line": 1}}, "classes": {"": {"executed_lines": [1, 2, 3, 4, 5, 6, 8], "summary": {"covered_lines": 7, "num_statements": 7, "percent_covered": 100.0, "percent_covered_display": "100", "missing_lines": 0, "excluded_lines": 0, "percent_statements_covered": 100.0, "percent_statements_covered_display": "100"}, "missing_lines": [], "excluded_lines": [], "start_line": 1}}}, "src\\ai\\clarifier.py": {"executed_lines": [11, 12, 13, 15, 16, 18, 21, 30, 31, 34, 37, 40, 43, 70, 78, 79, 82, 83, 84, 85, 86, 87, 89, 90, 91, 92, 93, 94, 97, 98, 99, 103, 104, 105, 106, 109, 110, 111, 115, 116, 117, 119, 120, 122, 123, 124, 127, 128, 131, 133, 152, 186, 249, 340, 511, 552, 561, 572, 577, 578, 580, 630, 666, 686, 687, 689, 690, 693, 739, 740, 749, 750, 752, 753, 754, 756, 757, 759, 766, 782, 783, 785, 791, 792, 794, 800, 802, 803, 804, 805, 807, 809, 813, 814, 816, 818, 823, 824, 828, 830, 845, 848, 878, 879, 889, 890, 915, 1025, 1043, 1086, 1171, 1262, 1278, 1299, 1309, 1311, 1331, 1332, 1342, 1345, 1351, 1354, 1356, 1362, 1372, 1373, 1375, 1378, 1379, 1382, 1383, 1385, 1387, 1403, 1404, 1414, 1417, 1419, 1420, 1423, 1424, 1425], "summary": {"covered_lines": 142, "num_statements": 538, "percent_covered": 26.394052044609666, "percent_covered_display": "26", "missing_lines": 396, "excluded_lines": 0, "percent_statements_covered": 26.394052044609666, "percent_statements_covered_display": "26"}, "missing_lines": [100, 136, 137, 138, 140, 141, 142, 143, 144, 145, 146, 147, 148, 150, 154, 155, 157, 159, 160, 162, 163, 166, 167, 168, 169, 170, 172, 174, 175, 176, 177, 178, 180, 181, 182, 184, 196, 198, 201, 202, 205, 206, 207, 208, 209, 210, 211, 212, 214, 215, 218, 220, 221, 223, 224, 226, 227, 228, 230, 231, 233, 234, 235, 236, 239, 241, 243, 260, 262, 263, 266, 271, 272, 275, 276, 283, 284, 286, 298, 308, 309, 312, 313, 314, 317, 319, 320, 321, 322, 325, 327, 328, 330, 331, 333, 334, 335, 336, 337, 338, 359, 362, 368, 369, 371, 372, 375, 376, 377, 380, 388, 389, 392, 393, 395, 396, 398, 401, 407, 408, 410, 411, 414, 422, 424, 425, 426, 427, 428, 431, 432, 437, 440, 441, 442, 443, 444, 445, 446, 447, 453, 457, 458, 460, 462, 463, 464, 465, 467, 468, 469, 470, 471, 473, 474, 475, 480, 481, 482, 483, 486, 487, 488, 489, 490, 492, 493, 494, 497, 498, 501, 503, 506, 507, 509, 520, 521, 523, 524, 527, 533, 534, 536, 537, 538, 544, 547, 548, 550, 554, 559, 563, 564, 566, 592, 593, 596, 597, 598, 601, 602, 610, 611, 619, 620, 628, 640, 641, 642, 643, 646, 647, 648, 649, 652, 659, 660, 661, 662, 664, 761, 762, 764, 795, 796, 797, 810, 811, 826, 891, 892, 894, 929, 932, 937, 938, 942, 944, 945, 949, 950, 952, 954, 955, 956, 957, 959, 960, 961, 963, 966, 967, 968, 969, 970, 973, 974, 975, 977, 979, 980, 981, 984, 985, 986, 988, 991, 994, 995, 996, 998, 1000, 1001, 1003, 1006, 1014, 1015, 1018, 1019, 1020, 1021, 1023, 1027, 1029, 1037, 1038, 1039, 1041, 1055, 1058, 1059, 1060, 1066, 1076, 1079, 1082, 1084, 1092, 1095, 1096, 1097, 1098, 1099, 1100, 1103, 1122, 1125, 1131, 1132, 1138, 1139, 1141, 1144, 1145, 1149, 1152, 1155, 1156, 1157, 1160, 1161, 1163, 1164, 1165, 1167, 1169, 1173, 1180, 1182, 1191, 1192, 1194, 1197, 1198, 1199, 1200, 1201, 1202, 1203, 1204, 1205, 1206, 1208, 1216, 1224, 1225, 1227, 1228, 1230, 1233, 1234, 1235, 1236, 1237, 1238, 1239, 1241, 1242, 1243, 1244, 1245, 1246, 1249, 1250, 1251, 1252, 1254, 1260, 1269, 1270, 1273, 1274, 1276, 1284, 1286, 1287, 1289, 1290, 1292, 1295, 1296, 1297, 1346, 1347, 1348, 1349, 1358, 1359, 1360, 1384, 1426, 1427, 1428, 1430, 1431, 1432], "excluded_lines": [], "functions": {"TaskClarifier.__init__": {"executed_lines": [31, 34, 37, 40, 43], "summary": {"covered_lines": 5, "num_statements": 5, "percent_covered": 100.0, "percent_covered_display": "100", "missing_lines": 0, "excluded_lines": 0, "percent_statements_covered": 100.0, "percent_statements_covered_display": "100"}, "missing_lines": [], "excluded_lines": [], "start_line": 30}, "TaskClarifier._calculate_task_complexity": {"executed_lines": [78, 79, 82, 83, 84, 85, 86, 87, 89, 90, 91, 92, 93, 94, 97, 98, 99, 103, 104, 105, 106, 109, 110, 111, 115, 116, 117, 119, 120, 122, 123, 124, 127, 128, 131], "summary": {"covered_lines": 35, "num_statements": 36, "percent_covered": 97.22222222222223, "percent_covered_display": "97", "missing_lines": 1, "excluded_lines": 0, "percent_statements_covered": 97.22222222222223, "percent_statements_covered_display": "97"}, "missing_lines": [100], "excluded_lines": [], "start_line": 70}, "TaskClarifier._get_role_defaults": {"executed_lines": [], "summary": {"covered_lines": 0, "num_statements": 13, "percent_covered": 0.0, "percent_covered_display": "0", "missing_lines": 13, "excluded_lines": 0, "percent_statements_covered": 0.0, "percent_statements_covered_display": "0"}, "missing_lines": [136, 137, 138, 140, 141, 142, 143, 144, 145, 146, 147, 148, 150], "excluded_lines": [], "start_line": 133}, "TaskClarifier._lookup_assignee_role": {"executed_lines": [], "summary": {"covered_lines": 0, "num_statements": 22, "percent_covered": 0.0, "percent_covered_display": "0", "missing_lines": 22, "excluded_lines": 0, "percent_statements_covered": 0.0, "percent_statements_covered_display": "0"}, "missing_lines": [154, 155, 157, 159, 160, 162, 163, 166, 167, 168, 169, 170, 172, 174, 175, 176, 177, 178, 180, 181, 182, 184], "excluded_lines": [], "start_line": 152}, "TaskClarifier.detect_and_apply_template": {"executed_lines": [], "summary": {"covered_lines": 0, "num_statements": 31, "percent_covered": 0.0, "percent_covered_display": "0", "missing_lines": 31, "excluded_lines": 0, "percent_statements_covered": 0.0, "percent_statements_covered_display": "0"}, "missing_lines": [196, 198, 201, 202, 205, 206, 207, 208, 209, 210, 211, 212, 214, 215, 218, 220, 221, 223, 224, 226, 227, 228, 230, 231, 233, 234, 235, 236, 239, 241, 243], "excluded_lines": [], "start_line": 186}, "TaskClarifier.find_potential_dependencies": {"executed_lines": [], "summary": {"covered_lines": 0, "num_statements": 33, "percent_covered": 0.0, "percent_covered_display": "0", "missing_lines": 33, "excluded_lines": 0, "percent_statements_covered": 0.0, "percent_statements_covered_display": "0"}, "missing_lines": [260, 262, 263, 266, 271, 272, 275, 276, 283, 284, 286, 298, 308, 309, 312, 313, 314, 317, 319, 320, 321, 322, 325, 327, 328, 330, 331, 333, 334, 335, 336, 337, 338], "excluded_lines": [], "start_line": 249}, "TaskClarifier.analyze_and_decide": {"executed_lines": [], "summary": {"covered_lines": 0, "num_statements": 75, "percent_covered": 0.0, "percent_covered_display": "0", "missing_lines": 75, "excluded_lines": 0, "percent_statements_covered": 0.0, "percent_statements_covered_display": "0"}, "missing_lines": [359, 362, 368, 369, 371, 372, 375, 376, 377, 380, 388, 389, 392, 393, 395, 396, 398, 401, 407, 408, 410, 411, 414, 422, 424, 425, 426, 427, 428, 431, 432, 437, 440, 441, 442, 443, 444, 445, 446, 447, 453, 457, 458, 460, 462, 463, 464, 465, 467, 468, 469, 470, 471, 473, 474, 475, 480, 481, 482, 483, 486, 487, 488, 489, 490, 492, 493, 494, 497, 498, 501, 503, 506, 507, 509], "excluded_lines": [], "start_line": 340}, "TaskClarifier._apply_preference_logic": {"executed_lines": [], "summary": {"covered_lines": 0, "num_statements": 14, "percent_covered": 0.0, "percent_covered_display": "0", "missing_lines": 14, "excluded_lines": 0, "percent_statements_covered": 0.0, "percent_statements_covered_display": "0"}, "missing_lines": [520, 521, 523, 524, 527, 533, 534, 536, 537, 538, 544, 547, 548, 550], "excluded_lines": [], "start_line": 511}, "TaskClarifier._get_default_options": {"executed_lines": [], "summary": {"covered_lines": 0, "num_statements": 2, "percent_covered": 0.0, "percent_covered_display": "0", "missing_lines": 2, "excluded_lines": 0, "percent_statements_covered": 0.0, "percent_statements_covered_display": "0"}, "missing_lines": [554, 559], "excluded_lines": [], "start_line": 552}, "TaskClarifier._detect_high_urgency": {"executed_lines": [], "summary": {"covered_lines": 0, "num_statements": 3, "percent_covered": 0.0, "percent_covered_display": "0", "missing_lines": 3, "excluded_lines": 0, "percent_statements_covered": 0.0, "percent_statements_covered_display": "0"}, "missing_lines": [563, 564, 566], "excluded_lines": [], "start_line": 561}, "TaskClarifier._filter_critical_questions": {"executed_lines": [577, 578], "summary": {"covered_lines": 2, "num_statements": 2, "percent_covered": 100.0, "percent_covered_display": "100", "missing_lines": 0, "excluded_lines": 0, "percent_statements_covered": 100.0, "percent_statements_covered_display": "100"}, "missing_lines": [], "excluded_lines": [], "start_line": 572}, "TaskClarifier._generate_complex_task_questions": {"executed_lines": [], "summary": {"covered_lines": 0, "num_statements": 12, "percent_covered": 0.0, "percent_covered_display": "0", "missing_lines": 12, "excluded_lines": 0, "percent_statements_covered": 0.0, "percent_statements_covered_display": "0"}, "missing_lines": [592, 593, 596, 597, 598, 601, 602, 610, 611, 619, 620, 628], "excluded_lines": [], "start_line": 580}, "TaskClarifier._is_comprehensive_message": {"executed_lines": [], "summary": {"covered_lines": 0, "num_statements": 14, "percent_covered": 0.0, "percent_covered_display": "0", "missing_lines": 14, "excluded_lines": 0, "percent_statements_covered": 0.0, "percent_statements_covered_display": "0"}, "missing_lines": [640, 641, 642, 643, 646, 647, 648, 649, 652, 659, 660, 661, 662, 664], "excluded_lines": [], "start_line": 630}, "TaskClarifier._intelligent_self_answer": {"executed_lines": [686, 687, 689, 690, 693, 739, 740, 749, 750, 752, 753, 754, 756, 757, 759], "summary": {"covered_lines": 15, "num_statements": 18, "percent_covered": 83.33333333333333, "percent_covered_display": "83", "missing_lines": 3, "excluded_lines": 0, "percent_statements_covered": 83.33333333333333, "percent_statements_covered_display": "83"}, "missing_lines": [761, 762, 764], "excluded_lines": [], "start_line": 666}, "TaskClarifier.generate_question_message": {"executed_lines": [782, 783, 785, 791, 792, 794, 800, 802, 803, 804, 805, 807, 809, 813, 814, 816, 818, 823, 824, 828], "summary": {"covered_lines": 20, "num_statements": 26, "percent_covered": 76.92307692307692, "percent_covered_display": "77", "missing_lines": 6, "excluded_lines": 0, "percent_statements_covered": 76.92307692307692, "percent_statements_covered_display": "77"}, "missing_lines": [795, 796, 797, 810, 811, 826], "excluded_lines": [], "start_line": 766}, "TaskClarifier._generate_prd_questions": {"executed_lines": [845, 848, 878, 879, 889, 890], "summary": {"covered_lines": 6, "num_statements": 9, "percent_covered": 66.66666666666667, "percent_covered_display": "67", "missing_lines": 3, "excluded_lines": 0, "percent_statements_covered": 66.66666666666667, "percent_statements_covered_display": "67"}, "missing_lines": [891, 892, 894], "excluded_lines": [], "start_line": 830}, "TaskClarifier.process_user_answers": {"executed_lines": [], "summary": {"covered_lines": 0, "num_statements": 50, "percent_covered": 0.0, "percent_covered_display": "0", "missing_lines": 50, "excluded_lines": 0, "percent_statements_covered": 0.0, "percent_statements_covered_display": "0"}, "missing_lines": [929, 932, 937, 938, 942, 944, 945, 949, 950, 952, 954, 955, 956, 957, 959, 960, 961, 963, 966, 967, 968, 969, 970, 973, 974, 975, 977, 979, 980, 981, 984, 985, 986, 988, 991, 994, 995, 996, 998, 1000, 1001, 1003, 1006, 1014, 1015, 1018, 1019, 1020, 1021, 1023], "excluded_lines": [], "start_line": 915}, "TaskClarifier._infer_field_from_question": {"executed_lines": [], "summary": {"covered_lines": 0, "num_statements": 6, "percent_covered": 0.0, "percent_covered_display": "0", "missing_lines": 6, "excluded_lines": 0, "percent_statements_covered": 0.0, "percent_statements_covered_display": "0"}, "missing_lines": [1027, 1029, 1037, 1038, 1039, 1041], "excluded_lines": [], "start_line": 1025}, "TaskClarifier.generate_spec_preview": {"executed_lines": [], "summary": {"covered_lines": 0, "num_statements": 9, "percent_covered": 0.0, "percent_covered_display": "0", "missing_lines": 9, "excluded_lines": 0, "percent_statements_covered": 0.0, "percent_statements_covered_display": "0"}, "missing_lines": [1055, 1058, 1059, 1060, 1066, 1076, 1079, 1082, 1084], "excluded_lines": [], "start_line": 1043}, "TaskClarifier._validate_and_fix_spec": {"executed_lines": [], "summary": {"covered_lines": 0, "num_statements": 29, "percent_covered": 0.0, "percent_covered_display": "0", "missing_lines": 29, "excluded_lines": 0, "percent_statements_covered": 0.0, "percent_statements_covered_display": "0"}, "missing_lines": [1092, 1095, 1096, 1097, 1098, 1099, 1100, 1103, 1122, 1125, 1131, 1132, 1138, 1139, 1141, 1144, 1145, 1149, 1152, 1155, 1156, 1157, 1160, 1161, 1163, 1164, 1165, 1167, 1169], "excluded_lines": [], "start_line": 1086}, "TaskClarifier._format_preview_message": {"executed_lines": [], "summary": {"covered_lines": 0, "num_statements": 42, "percent_covered": 0.0, "percent_covered_display": "0", "missing_lines": 42, "excluded_lines": 0, "percent_statements_covered": 0.0, "percent_statements_covered_display": "0"}, "missing_lines": [1173, 1180, 1182, 1191, 1192, 1194, 1197, 1198, 1199, 1200, 1201, 1202, 1203, 1204, 1205, 1206, 1208, 1216, 1224, 1225, 1227, 1228, 1230, 1233, 1234, 1235, 1236, 1237, 1238, 1239, 1241, 1242, 1243, 1244, 1245, 1246, 1249, 1250, 1251, 1252, 1254, 1260], "excluded_lines": [], "start_line": 1171}, "TaskClarifier.should_finalize_with_defaults": {"executed_lines": [], "summary": {"covered_lines": 0, "num_statements": 5, "percent_covered": 0.0, "percent_covered_display": "0", "missing_lines": 5, "excluded_lines": 0, "percent_statements_covered": 0.0, "percent_statements_covered_display": "0"}, "missing_lines": [1269, 1270, 1273, 1274, 1276], "excluded_lines": [], "start_line": 1262}, "TaskClarifier.apply_defaults": {"executed_lines": [], "summary": {"covered_lines": 0, "num_statements": 9, "percent_covered": 0.0, "percent_covered_display": "0", "missing_lines": 9, "excluded_lines": 0, "percent_statements_covered": 0.0, "percent_statements_covered_display": "0"}, "missing_lines": [1284, 1286, 1287, 1289, 1290, 1292, 1295, 1296, 1297], "excluded_lines": [], "start_line": 1278}, "TaskClarifier.extract_modification_details": {"executed_lines": [1309, 1311, 1331, 1332, 1342, 1345, 1351, 1354, 1356], "summary": {"covered_lines": 9, "num_statements": 16, "percent_covered": 56.25, "percent_covered_display": "56", "missing_lines": 7, "excluded_lines": 0, "percent_statements_covered": 56.25, "percent_statements_covered_display": "56"}, "missing_lines": [1346, 1347, 1348, 1349, 1358, 1359, 1360], "excluded_lines": [], "start_line": 1299}, "TaskClarifier.parse_deadline": {"executed_lines": [1372, 1373, 1375, 1378, 1379, 1382, 1383, 1385, 1387, 1403, 1404, 1414, 1417, 1419, 1420, 1423, 1424, 1425], "summary": {"covered_lines": 18, "num_statements": 25, "percent_covered": 72.0, "percent_covered_display": "72", "missing_lines": 7, "excluded_lines": 0, "percent_statements_covered": 72.0, "percent_statements_covered_display": "72"}, "missing_lines": [1384, 1426, 1427, 1428, 1430, 1431, 1432], "excluded_lines": [], "start_line": 1362}, "": {"executed_lines": [11, 12, 13, 15, 16, 18, 21, 30, 70, 133, 152, 186, 249, 340, 511, 552, 561, 572, 580, 630, 666, 766, 830, 915, 1025, 1043, 1086, 1171, 1262, 1278, 1299, 1362], "summary": {"covered_lines": 32, "num_statements": 32, "percent_covered": 100.0, "percent_covered_display": "100", "missing_lines": 0, "excluded_lines": 0, "percent_statements_covered": 100.0, "percent_statements_covered_display": "100"}, "missing_lines": [], "excluded_lines": [], "start_line": 1}}, "classes": {"TaskClarifier": {"executed_lines": [31, 34, 37, 40, 43, 78, 79, 82, 83, 84, 85, 86, 87, 89, 90, 91, 92, 93, 94, 97, 98, 99, 103, 104, 105, 106, 109, 110, 111, 115, 116, 117, 119, 120, 122, 123, 124, 127, 128, 131, 577, 578, 686, 687, 689, 690, 693, 739, 740, 749, 750, 752, 753, 754, 756, 757, 759, 782, 783, 785, 791, 792, 794, 800, 802, 803, 804, 805, 807, 809, 813, 814, 816, 818, 823, 824, 828, 845, 848, 878, 879, 889, 890, 1309, 1311, 1331, 1332, 1342, 1345, 1351, 1354, 1356, 1372, 1373, 1375, 1378, 1379, 1382, 1383, 1385, 1387, 1403, 1404, 1414, 1417, 1419, 1420, 1423, 1424, 1425], "summary": {"covered_lines": 110, "num_statements": 506, "percent_covered": 21.73913043478261, "percent_covered_display": "22", "missing_lines": 396, "excluded_lines": 0, "percent_statements_covered": 21.73913043478261, "percent_statements_covered_display": "22"}, "missing_lines": [100, 136, 137, 138, 140, 141, 142, 143, 144, 145, 146, 147, 148, 150, 154, 155, 157, 159, 160, 162, 163, 166, 167, 168, 169, 170, 172, 174, 175, 176, 177, 178, 180, 181, 182, 184, 196, 198, 201, 202, 205, 206, 207, 208, 209, 210, 211, 212, 214, 215, 218, 220, 221, 223, 224, 226, 227, 228, 230, 231, 233, 234, 235, 236, 239, 241, 243, 260, 262, 263, 266, 271, 272, 275, 276, 283, 284, 286, 298, 308, 309, 312, 313, 314, 317, 319, 320, 321, 322, 325, 327, 328, 330, 331, 333, 334, 335, 336, 337, 338, 359, 362, 368, 369, 371, 372, 375, 376, 377, 380, 388, 389, 392, 393, 395, 396, 398, 401, 407, 408, 410, 411, 414, 422, 424, 425, 426, 427, 428, 431, 432, 437, 440, 441, 442, 443, 444, 445, 446, 447, 453, 457, 458, 460, 462, 463, 464, 465, 467, 468, 469, 470, 471, 473, 474, 475, 480, 481, 482, 483, 486, 487, 488, 489, 490, 492, 493, 494, 497, 498, 501, 503, 506, 507, 509, 520, 521, 523, 524, 527, 533, 534, 536, 537, 538, 544, 547, 548, 550, 554, 559, 563, 564, 566, 592, 593, 596, 597, 598, 601, 602, 610, 611, 619, 620, 628, 640, 641, 642, 643, 646, 647, 648, 649, 652, 659, 660, 661, 662, 664, 761, 762, 764, 795, 796, 797, 810, 811, 826, 891, 892, 894, 929, 932, 937, 938, 942, 944, 945, 949, 950, 952, 954, 955, 956, 957, 959, 960, 961, 963, 966, 967, 968, 969, 970, 973, 974, 975, 977, 979, 980, 981, 984, 985, 986, 988, 991, 994, 995, 996, 998, 1000, 1001, 1003, 1006, 1014, 1015, 1018, 1019, 1020, 1021, 1023, 1027, 1029, 1037, 1038, 1039, 1041, 1055, 1058, 1059, 1060, 1066, 1076, 1079, 1082, 1084, 1092, 1095, 1096, 1097, 1098, 1099, 1100, 1103, 1122, 1125, 1131, 1132, 1138, 1139, 1141, 1144, 1145, 1149, 1152, 1155, 1156, 1157, 1160, 1161, 1163, 1164, 1165, 1167, 1169, 1173, 1180, 1182, 1191, 1192, 1194, 1197, 1198, 1199, 1200, 1201, 1202, 1203, 1204, 1205, 1206, 1208, 1216, 1224, 1225, 1227, 1228, 1230, 1233, 1234, 1235, 1236, 1237, 1238, 1239, 1241, 1242, 1243, 1244, 1245, 1246, 1249, 1250, 1251, 1252, 1254, 1260, 1269, 1270, 1273, 1274, 1276, 1284, 1286, 1287, 1289, 1290, 1292, 1295, 1296, 1297, 1346, 1347, 1348, 1349, 1358, 1359, 1360, 1384, 1426, 1427, 1428, 1430, 1431, 1432], "excluded_lines": [], "start_line": 21}, "": {"executed_lines": [11, 12, 13, 15, 16, 18, 21, 30, 70, 133, 152, 186, 249, 340, 511, 552, 561, 572, 580, 630, 666, 766, 830, 915, 1025, 1043, 1086, 1171, 1262, 1278, 1299, 1362], "summary": {"covered_lines": 32, "num_statements": 32, "percent_covered": 100.0, "percent_covered_display": "100", "missing_lines": 0, "excluded_lines": 0, "percent_statements_covered": 100.0, "percent_statements_covered_display": "100"}, "missing_lines": [], "excluded_lines": [], "start_line": 1}}}, "src\\ai\\deepseek.py": {"executed_lines": [3, 4, 5, 6, 7, 9, 10, 11, 13, 16, 19, 20, 24, 25, 27, 28, 36, 37, 45, 46, 48, 49, 51, 52, 53, 55, 68, 75, 80, 86, 87, 88, 89, 90, 98, 109, 115, 120, 126, 127, 135, 152, 160, 165, 171, 172, 173, 174, 176, 183, 185, 187, 192, 198, 206, 213, 218, 224, 225, 226, 227, 234, 240, 242, 247, 253, 260, 264, 269, 275, 285, 286, 292, 297, 305, 306, 308, 331, 340, 347, 354, 355, 356, 357, 368, 391, 396, 401, 407, 408, 409, 410, 426, 429, 431], "summary": {"covered_lines": 95, "num_statements": 107, "percent_covered": 88.78504672897196, "percent_covered_display": "89", "missing_lines": 12, "excluded_lines": 0, "percent_statements_covered": 88.78504672897196, "percent_statements_covered_display": "89"}, "missing_lines": [128, 129, 130, 293, 294, 295, 358, 359, 360, 411, 412, 413], "excluded_lines": [], "functions": {"DeepSeekClient.__init__": {"executed_lines": [20, 24, 25], "summary": {"covered_lines": 3, "num_statements": 3, "percent_covered": 100.0, "percent_covered_display": "100", "missing_lines": 0, "excluded_lines": 0, "percent_statements_covered": 100.0, "percent_statements_covered_display": "100"}, "missing_lines": [], "excluded_lines": [], "start_line": 19}, "DeepSeekClient._call_api": {"executed_lines": [36, 37, 45, 46, 48, 49, 51, 52, 53], "summary": {"covered_lines": 9, "num_statements": 9, "percent_covered": 100.0, "percent_covered_display": "100", "missing_lines": 0, "excluded_lines": 0, "percent_statements_covered": 100.0, "percent_statements_covered_display": "100"}, "missing_lines": [], "excluded_lines": [], "start_line": 28}, "DeepSeekClient.analyze_task_request": {"executed_lines": [68, 75, 80, 86, 87, 88, 89, 90], "summary": {"covered_lines": 8, "num_statements": 8, "percent_covered": 100.0, "percent_covered_display": "100", "missing_lines": 0, "excluded_lines": 0, "percent_statements_covered": 100.0, "percent_statements_covered_display": "100"}, "missing_lines": [], "excluded_lines": [], "start_line": 55}, "DeepSeekClient.generate_clarifying_questions": {"executed_lines": [109, 115, 120, 126, 127], "summary": {"covered_lines": 5, "num_statements": 8, "percent_covered": 62.5, "percent_covered_display": "62", "missing_lines": 3, "excluded_lines": 0, "percent_statements_covered": 62.5, "percent_statements_covered_display": "62"}, "missing_lines": [128, 129, 130], "excluded_lines": [], "start_line": 98}, "DeepSeekClient.generate_task_spec": {"executed_lines": [152, 160, 165, 171, 172, 173, 174, 176], "summary": {"covered_lines": 8, "num_statements": 8, "percent_covered": 100.0, "percent_covered_display": "100", "missing_lines": 0, "excluded_lines": 0, "percent_statements_covered": 100.0, "percent_statements_covered_display": "100"}, "missing_lines": [], "excluded_lines": [], "start_line": 135}, "DeepSeekClient.format_preview": {"executed_lines": [185, 187, 192], "summary": {"covered_lines": 3, "num_statements": 3, "percent_covered": 100.0, "percent_covered_display": "100", "missing_lines": 0, "excluded_lines": 0, "percent_statements_covered": 100.0, "percent_statements_covered_display": "100"}, "missing_lines": [], "excluded_lines": [], "start_line": 183}, "DeepSeekClient.process_answer": {"executed_lines": [206, 213, 218, 224, 225, 226, 227], "summary": {"covered_lines": 7, "num_statements": 7, "percent_covered": 100.0, "percent_covered_display": "100", "missing_lines": 0, "excluded_lines": 0, "percent_statements_covered": 100.0, "percent_statements_covered_display": "100"}, "missing_lines": [], "excluded_lines": [], "start_line": 198}, "DeepSeekClient.generate_daily_standup": {"executed_lines": [240, 242, 247], "summary": {"covered_lines": 3, "num_statements": 3, "percent_covered": 100.0, "percent_covered_display": "100", "missing_lines": 0, "excluded_lines": 0, "percent_statements_covered": 100.0, "percent_statements_covered_display": "100"}, "missing_lines": [], "excluded_lines": [], "start_line": 234}, "DeepSeekClient.generate_weekly_summary": {"executed_lines": [260, 264, 269], "summary": {"covered_lines": 3, "num_statements": 3, "percent_covered": 100.0, "percent_covered_display": "100", "missing_lines": 0, "excluded_lines": 0, "percent_statements_covered": 100.0, "percent_statements_covered_display": "100"}, "missing_lines": [], "excluded_lines": [], "start_line": 253}, "DeepSeekClient.chat": {"executed_lines": [285, 286, 292], "summary": {"covered_lines": 3, "num_statements": 6, "percent_covered": 50.0, "percent_covered_display": "50", "missing_lines": 3, "excluded_lines": 0, "percent_statements_covered": 50.0, "percent_statements_covered_display": "50"}, "missing_lines": [293, 294, 295], "excluded_lines": [], "start_line": 275}, "DeepSeekClient.transcribe_voice": {"executed_lines": [305, 306], "summary": {"covered_lines": 2, "num_statements": 2, "percent_covered": 100.0, "percent_covered_display": "100", "missing_lines": 0, "excluded_lines": 0, "percent_statements_covered": 100.0, "percent_statements_covered_display": "100"}, "missing_lines": [], "excluded_lines": [], "start_line": 297}, "DeepSeekClient.breakdown_task": {"executed_lines": [331, 340, 347, 354, 355, 356, 357], "summary": {"covered_lines": 7, "num_statements": 10, "percent_covered": 70.0, "percent_covered_display": "70", "missing_lines": 3, "excluded_lines": 0, "percent_statements_covered": 70.0, "percent_statements_covered_display": "70"}, "missing_lines": [358, 359, 360], "excluded_lines": [], "start_line": 308}, "DeepSeekClient.analyze_attendance_report": {"executed_lines": [391, 396, 401, 407, 408, 409, 410], "summary": {"covered_lines": 7, "num_statements": 10, "percent_covered": 70.0, "percent_covered_display": "70", "missing_lines": 3, "excluded_lines": 0, "percent_statements_covered": 70.0, "percent_statements_covered_display": "70"}, "missing_lines": [411, 412, 413], "excluded_lines": [], "start_line": 368}, "get_deepseek_client": {"executed_lines": [431], "summary": {"covered_lines": 1, "num_statements": 1, "percent_covered": 100.0, "percent_covered_display": "100", "missing_lines": 0, "excluded_lines": 0, "percent_statements_covered": 100.0, "percent_statements_covered_display": "100"}, "missing_lines": [], "excluded_lines": [], "start_line": 429}, "": {"executed_lines": [3, 4, 5, 6, 7, 9, 10, 11, 13, 16, 19, 27, 28, 55, 98, 135, 183, 198, 234, 253, 275, 297, 308, 368, 426, 429], "summary": {"covered_lines": 26, "num_statements": 26, "percent_covered": 100.0, "percent_covered_display": "100", "missing_lines": 0, "excluded_lines": 0, "percent_statements_covered": 100.0, "percent_statements_covered_display": "100"}, "missing_lines": [], "excluded_lines": [], "start_line": 1}}, "classes": {"DeepSeekClient": {"executed_lines": [20, 24, 25, 36, 37, 45, 46, 48, 49, 51, 52, 53, 68, 75, 80, 86, 87, 88, 89, 90, 109, 115, 120, 126, 127, 152, 160, 165, 171, 172, 173, 174, 176, 185, 187, 192, 206, 213, 218, 224, 225, 226, 227, 240, 242, 247, 260, 264, 269, 285, 286, 292, 305, 306, 331, 340, 347, 354, 355, 356, 357, 391, 396, 401, 407, 408, 409, 410], "summary": {"covered_lines": 68, "num_statements": 80, "percent_covered": 85.0, "percent_covered_display": "85", "missing_lines": 12, "excluded_lines": 0, "percent_statements_covered": 85.0, "percent_statements_covered_display": "85"}, "missing_lines": [128, 129, 130, 293, 294, 295, 358, 359, 360, 411, 412, 413], "excluded_lines": [], "start_line": 16}, "": {"executed_lines": [3, 4, 5, 6, 7, 9, 10, 11, 13, 16, 19, 27, 28, 55, 98, 135, 183, 198, 234, 253, 275, 297, 308, 368, 426, 429, 431], "summary": {"covered_lines": 27, "num_statements": 27, "percent_covered": 100.0, "percent_covered_display": "100", "missing_lines": 0, "excluded_lines": 0, "percent_statements_covered": 100.0, "percent_statements_covered_display": "100"}, "missing_lines": [], "excluded_lines": [], "start_line": 1}}}, "src\\ai\\email_summarizer.py": {"executed_lines": [11, 12, 13, 14, 15, 17, 19, 22, 23, 25, 26, 27, 28, 29, 30, 31, 34, 45, 46, 50, 52, 163, 189, 208, 270, 343, 346, 347], "summary": {"covered_lines": 28, "num_statements": 114, "percent_covered": 24.56140350877193, "percent_covered_display": "25", "missing_lines": 86, "excluded_lines": 1, "percent_statements_covered": 24.56140350877193, "percent_statements_covered_display": "25"}, "missing_lines": [69, 70, 79, 124, 125, 138, 141, 142, 143, 144, 146, 148, 158, 159, 161, 165, 167, 168, 169, 170, 171, 172, 173, 175, 176, 177, 178, 179, 180, 181, 182, 184, 185, 187, 191, 192, 194, 195, 196, 198, 218, 237, 238, 251, 252, 253, 254, 255, 257, 259, 260, 261, 286, 288, 296, 297, 298, 301, 302, 303, 304, 307, 308, 309, 310, 311, 314, 315, 316, 317, 318, 319, 320, 321, 324, 325, 326, 327, 328, 331, 332, 333, 334, 336, 337, 339], "excluded_lines": [81], "functions": {"EmailSummarizer.__init__": {"executed_lines": [46, 50], "summary": {"covered_lines": 2, "num_statements": 2, "percent_covered": 100.0, "percent_covered_display": "100", "missing_lines": 0, "excluded_lines": 0, "percent_statements_covered": 100.0, "percent_statements_covered_display": "100"}, "missing_lines": [], "excluded_lines": [], "start_line": 45}, "EmailSummarizer.summarize_emails": {"executed_lines": [], "summary": {"covered_lines": 0, "num_statements": 15, "percent_covered": 0.0, "percent_covered_display": "0", "missing_lines": 15, "excluded_lines": 1, "percent_statements_covered": 0.0, "percent_statements_covered_display": "0"}, "missing_lines": [69, 70, 79, 124, 125, 138, 141, 142, 143, 144, 146, 148, 158, 159, 161], "excluded_lines": [81], "start_line": 52}, "EmailSummarizer._format_emails_for_prompt": {"executed_lines": [], "summary": {"covered_lines": 0, "num_statements": 19, "percent_covered": 0.0, "percent_covered_display": "0", "missing_lines": 19, "excluded_lines": 0, "percent_statements_covered": 0.0, "percent_statements_covered_display": "0"}, "missing_lines": [165, 167, 168, 169, 170, 171, 172, 173, 175, 176, 177, 178, 179, 180, 181, 182, 184, 185, 187], "excluded_lines": [], "start_line": 163}, "EmailSummarizer._basic_summary": {"executed_lines": [], "summary": {"covered_lines": 0, "num_statements": 6, "percent_covered": 0.0, "percent_covered_display": "0", "missing_lines": 6, "excluded_lines": 0, "percent_statements_covered": 0.0, "percent_statements_covered_display": "0"}, "missing_lines": [191, 192, 194, 195, 196, 198], "excluded_lines": [], "start_line": 189}, "EmailSummarizer.summarize_single_email": {"executed_lines": [], "summary": {"covered_lines": 0, "num_statements": 12, "percent_covered": 0.0, "percent_covered_display": "0", "missing_lines": 12, "excluded_lines": 0, "percent_statements_covered": 0.0, "percent_statements_covered_display": "0"}, "missing_lines": [218, 237, 238, 251, 252, 253, 254, 255, 257, 259, 260, 261], "excluded_lines": [], "start_line": 208}, "EmailSummarizer.generate_digest_message": {"executed_lines": [], "summary": {"covered_lines": 0, "num_statements": 34, "percent_covered": 0.0, "percent_covered_display": "0", "missing_lines": 34, "excluded_lines": 0, "percent_statements_covered": 0.0, "percent_statements_covered_display": "0"}, "missing_lines": [286, 288, 296, 297, 298, 301, 302, 303, 304, 307, 308, 309, 310, 311, 314, 315, 316, 317, 318, 319, 320, 321, 324, 325, 326, 327, 328, 331, 332, 333, 334, 336, 337, 339], "excluded_lines": [], "start_line": 270}, "get_email_summarizer": {"executed_lines": [347], "summary": {"covered_lines": 1, "num_statements": 1, "percent_covered": 100.0, "percent_covered_display": "100", "missing_lines": 0, "excluded_lines": 0, "percent_statements_covered": 100.0, "percent_statements_covered_display": "100"}, "missing_lines": [], "excluded_lines": [], "start_line": 346}, "": {"executed_lines": [11, 12, 13, 14, 15, 17, 19, 22, 23, 25, 26, 27, 28, 29, 30, 31, 34, 45, 52, 163, 189, 208, 270, 343, 346], "summary": {"covered_lines": 25, "num_statements": 25, "percent_covered": 100.0, "percent_covered_display": "100", "missing_lines": 0, "excluded_lines": 0, "percent_statements_covered": 100.0, "percent_statements_covered_display": "100"}, "missing_lines": [], "excluded_lines": [], "start_line": 1}}, "classes": {"EmailSummaryResult": {"executed_lines": [], "summary": {"covered_lines": 0, "num_statements": 0, "percent_covered": 100.0, "percent_covered_display": "100", "missing_lines": 0, "excluded_lines": 0, "percent_statements_covered": 100.0, "percent_statements_covered_display": "100"}, "missing_lines": [], "excluded_lines": [], "start_line": 23}, "EmailSummarizer": {"executed_lines": [46, 50], "summary": {"covered_lines": 2, "num_statements": 88, "percent_covered": 2.272727272727273, "percent_covered_display": "2", "missing_lines": 86, "excluded_lines": 1, "percent_statements_covered": 2.272727272727273, "percent_statements_covered_display": "2"}, "missing_lines": [69, 70, 79, 124, 125, 138, 141, 142, 143, 144, 146, 148, 158, 159, 161, 165, 167, 168, 169, 170, 171, 172, 173, 175, 176, 177, 178, 179, 180, 181, 182, 184, 185, 187, 191, 192, 194, 195, 196, 198, 218, 237, 238, 251, 252, 253, 254, 255, 257, 259, 260, 261, 286, 288, 296, 297, 298, 301, 302, 303, 304, 307, 308, 309, 310, 311, 314, 315, 316, 317, 318, 319, 320, 321, 324, 325, 326, 327, 328, 331, 332, 333, 334, 336, 337, 339], "excluded_lines": [81], "start_line": 34}, "": {"executed_lines": [11, 12, 13, 14, 15, 17, 19, 22, 23, 25, 26, 27, 28, 29, 30, 31, 34, 45, 52, 163, 189, 208, 270, 343, 346, 347], "summary": {"covered_lines": 26, "num_statements": 26, "percent_covered": 100.0, "percent_covered_display": "100", "missing_lines": 0, "excluded_lines": 0, "percent_statements_covered": 100.0, "percent_statements_covered_display": "100"}, "missing_lines": [], "excluded_lines": [], "start_line": 1}}}, "src\\ai\\intent.py": {"executed_lines": [13, 14, 15, 16, 17, 18, 20, 22, 25, 29, 32, 33, 34, 35, 36, 39, 40, 43, 44, 45, 46, 49, 50, 51, 54, 55, 56, 57, 58, 61, 62, 63, 64, 65, 66, 67, 68, 69, 70, 71, 72, 73, 76, 79, 82, 85, 88, 89, 92, 95, 96, 97, 98, 101, 105, 108, 122, 123, 127, 129, 149, 150, 153, 154, 155, 156, 157, 160, 161, 162, 163, 166, 167, 168, 169, 172, 173, 175, 178, 181, 182, 183, 186, 202, 203, 206, 207, 208, 209, 210, 211, 212, 213, 214, 215, 216, 217, 218, 219, 220, 224, 234, 235, 236, 237, 238, 241, 242, 244, 247, 248, 249, 250, 253, 254, 256, 257, 258, 259, 261, 264, 265, 266, 267, 268, 271, 272, 273, 274, 275, 276, 277, 279, 281, 294, 296, 297, 299, 300, 304, 305, 306, 309, 310, 312, 313, 314, 315, 316, 319, 320, 327, 328, 329, 330, 333, 334, 335, 338, 342, 343, 344, 347, 348, 351, 352, 353, 356, 357, 359, 360, 361, 362, 365, 366, 367, 370, 371, 372, 375, 376, 379, 380, 383, 385, 399, 400, 402, 520, 521, 535, 538, 539, 540, 541, 542, 544, 546, 547, 548, 549, 552, 557, 560, 561, 564, 565, 571, 572, 573, 576, 578, 580, 581, 582, 583, 584, 585, 586, 588, 597, 598, 601, 602, 603, 606, 607, 609, 610, 611, 612, 613, 614, 615, 618, 624, 625, 629, 645, 647, 648, 649, 653, 661, 663, 664, 671, 672, 673, 674, 676, 678, 679, 684, 685, 689, 696, 698, 699, 700, 701, 703, 705, 707, 709, 711, 713, 717, 719, 720], "summary": {"covered_lines": 270, "num_statements": 294, "percent_covered": 91.83673469387755, "percent_covered_display": "92", "missing_lines": 24, "excluded_lines": 0, "percent_statements_covered": 91.83673469387755, "percent_statements_covered_display": "92"}, "missing_lines": [179, 222, 339, 553, 554, 566, 567, 568, 619, 620, 621, 626, 650, 655, 656, 657, 658, 659, 686, 687, 691, 692, 693, 694], "excluded_lines": [], "functions": {"IntentDetector.__init__": {"executed_lines": [123, 127], "summary": {"covered_lines": 2, "num_statements": 2, "percent_covered": 100.0, "percent_covered_display": "100", "missing_lines": 0, "excluded_lines": 0, "percent_statements_covered": 100.0, "percent_statements_covered_display": "100"}, "missing_lines": [], "excluded_lines": [], "start_line": 122}, "IntentDetector.detect_intent": {"executed_lines": [149, 150, 153, 154, 155, 156, 157, 160, 161, 162, 163, 166, 167, 168, 169, 172, 173], "summary": {"covered_lines": 17, "num_statements": 17, "percent_covered": 100.0, "percent_covered_display": "100", "missing_lines": 0, "excluded_lines": 0, "percent_statements_covered": 100.0, "percent_statements_covered_display": "100"}, "missing_lines": [], "excluded_lines": [], "start_line": 129}, "IntentDetector._handle_slash_command": {"executed_lines": [178, 181, 182, 183, 186, 202, 203, 206, 207, 208, 209, 210, 211, 212, 213, 214, 215, 216, 217, 218, 219, 220], "summary": {"covered_lines": 22, "num_statements": 24, "percent_covered": 91.66666666666667, "percent_covered_display": "92", "missing_lines": 2, "excluded_lines": 0, "percent_statements_covered": 91.66666666666667, "percent_statements_covered_display": "92"}, "missing_lines": [179, 222], "excluded_lines": [], "start_line": 175}, "IntentDetector._handle_context_state": {"executed_lines": [234, 235, 236, 237, 238, 241, 242, 244, 247, 248, 249, 250, 253, 254, 256, 257, 258, 259, 261, 264, 265, 266, 267, 268, 271, 272, 273, 274, 275, 276, 277, 279], "summary": {"covered_lines": 32, "num_statements": 32, "percent_covered": 100.0, "percent_covered_display": "100", "missing_lines": 0, "excluded_lines": 0, "percent_statements_covered": 100.0, "percent_statements_covered_display": "100"}, "missing_lines": [], "excluded_lines": [], "start_line": 224}, "IntentDetector._handle_modification_patterns": {"executed_lines": [294, 296, 297, 299, 300, 304, 305, 306, 309, 310, 312, 313, 314, 315, 316, 319, 320, 327, 328, 329, 330, 333, 334, 335, 338, 342, 343, 344, 347, 348, 351, 352, 353, 356, 357, 359, 360, 361, 362, 365, 366, 367, 370, 371, 372, 375, 376, 379, 380, 383], "summary": {"covered_lines": 50, "num_statements": 51, "percent_covered": 98.03921568627452, "percent_covered_display": "98", "missing_lines": 1, "excluded_lines": 0, "percent_statements_covered": 98.03921568627452, "percent_statements_covered_display": "98"}, "missing_lines": [339], "excluded_lines": [], "start_line": 281}, "IntentDetector._ai_classify": {"executed_lines": [399, 400, 402, 520, 521, 535, 538, 539, 540, 541, 542, 544, 546, 547, 548, 549, 552, 557, 560, 561, 564, 565, 571, 572, 573, 576, 578, 580, 581, 582, 583, 584, 585, 586], "summary": {"covered_lines": 34, "num_statements": 39, "percent_covered": 87.17948717948718, "percent_covered_display": "87", "missing_lines": 5, "excluded_lines": 0, "percent_statements_covered": 87.17948717948718, "percent_statements_covered_display": "87"}, "missing_lines": [553, 554, 566, 567, 568], "excluded_lines": [], "start_line": 385}, "IntentDetector._post_process_data": {"executed_lines": [597, 598, 601, 602, 603, 606, 607, 609, 610, 611, 612, 613, 614, 615, 618, 624, 625, 629, 645, 647, 648, 649, 653, 661, 663, 664, 671, 672, 673, 674, 676, 678, 679, 684, 685, 689, 696, 698, 699, 700, 701, 703, 705], "summary": {"covered_lines": 43, "num_statements": 59, "percent_covered": 72.88135593220339, "percent_covered_display": "73", "missing_lines": 16, "excluded_lines": 0, "percent_statements_covered": 72.88135593220339, "percent_statements_covered_display": "73"}, "missing_lines": [619, 620, 621, 626, 650, 655, 656, 657, 658, 659, 686, 687, 691, 692, 693, 694], "excluded_lines": [], "start_line": 588}, "IntentDetector.is_photo_proof": {"executed_lines": [709], "summary": {"covered_lines": 1, "num_statements": 1, "percent_covered": 100.0, "percent_covered_display": "100", "missing_lines": 0, "excluded_lines": 0, "percent_statements_covered": 100.0, "percent_statements_covered_display": "100"}, "missing_lines": [], "excluded_lines": [], "start_line": 707}, "IntentDetector.is_link": {"executed_lines": [713], "summary": {"covered_lines": 1, "num_statements": 1, "percent_covered": 100.0, "percent_covered_display": "100", "missing_lines": 0, "excluded_lines": 0, "percent_statements_covered": 100.0, "percent_statements_covered_display": "100"}, "missing_lines": [], "excluded_lines": [], "start_line": 711}, "get_intent_detector": {"executed_lines": [720], "summary": {"covered_lines": 1, "num_statements": 1, "percent_covered": 100.0, "percent_covered_display": "100", "missing_lines": 0, "excluded_lines": 0, "percent_statements_covered": 100.0, "percent_statements_covered_display": "100"}, "missing_lines": [], "excluded_lines": [], "start_line": 719}, "": {"executed_lines": [13, 14, 15, 16, 17, 18, 20, 22, 25, 29, 32, 33, 34, 35, 36, 39, 40, 43, 44, 45, 46, 49, 50, 51, 54, 55, 56, 57, 58, 61, 62, 63, 64, 65, 66, 67, 68, 69, 70, 71, 72, 73, 76, 79, 82, 85, 88, 89, 92, 95, 96, 97, 98, 101, 105, 108, 122, 129, 175, 224, 281, 385, 588, 707, 711, 717, 719], "summary": {"covered_lines": 67, "num_statements": 67, "percent_covered": 100.0, "percent_covered_display": "100", "missing_lines": 0, "excluded_lines": 0, "percent_statements_covered": 100.0, "percent_statements_covered_display": "100"}, "missing_lines": [], "excluded_lines": [], "start_line": 1}}, "classes": {"UserIntent": {"executed_lines": [], "summary": {"covered_lines": 0, "num_statements": 0, "percent_covered": 100.0, "percent_covered_display": "100", "missing_lines": 0, "excluded_lines": 0, "percent_statements_covered": 100.0, "percent_statements_covered_display": "100"}, "missing_lines": [], "excluded_lines": [], "start_line": 25}, "IntentDetector": {"executed_lines": [123, 127, 149, 150, 153, 154, 155, 156, 157, 160, 161, 162, 163, 166, 167, 168, 169, 172, 173, 178, 181, 182, 183, 186, 202, 203, 206, 207, 208, 209, 210, 211, 212, 213, 214, 215, 216, 217, 218, 219, 220, 234, 235, 236, 237, 238, 241, 242, 244, 247, 248, 249, 250, 253, 254, 256, 257, 258, 259, 261, 264, 265, 266, 267, 268, 271, 272, 273, 274, 275, 276, 277, 279, 294, 296, 297, 299, 300, 304, 305, 306, 309, 310, 312, 313, 314, 315, 316, 319, 320, 327, 328, 329, 330, 333, 334, 335, 338, 342, 343, 344, 347, 348, 351, 352, 353, 356, 357, 359, 360, 361, 362, 365, 366, 367, 370, 371, 372, 375, 376, 379, 380, 383, 399, 400, 402, 520, 521, 535, 538, 539, 540, 541, 542, 544, 546, 547, 548, 549, 552, 557, 560, 561, 564, 565, 571, 572, 573, 576, 578, 580, 581, 582, 583, 584, 585, 586, 597, 598, 601, 602, 603, 606, 607, 609, 610, 611, 612, 613, 614, 615, 618, 624, 625, 629, 645, 647, 648, 649, 653, 661, 663, 664, 671, 672, 673, 674, 676, 678, 679, 684, 685, 689, 696, 698, 699, 700, 701, 703, 705, 709, 713], "summary": {"covered_lines": 202, "num_statements": 226, "percent_covered": 89.38053097345133, "percent_covered_display": "89", "missing_lines": 24, "excluded_lines": 0, "percent_statements_covered": 89.38053097345133, "percent_statements_covered_display": "89"}, "missing_lines": [179, 222, 339, 553, 554, 566, 567, 568, 619, 620, 621, 626, 650, 655, 656, 657, 658, 659, 686, 687, 691, 692, 693, 694], "excluded_lines": [], "start_line": 108}, "": {"executed_lines": [13, 14, 15, 16, 17, 18, 20, 22, 25, 29, 32, 33, 34, 35, 36, 39, 40, 43, 44, 45, 46, 49, 50, 51, 54, 55, 56, 57, 58, 61, 62, 63, 64, 65, 66, 67, 68, 69, 70, 71, 72, 73, 76, 79, 82, 85, 88, 89, 92, 95, 96, 97, 98, 101, 105, 108, 122, 129, 175, 224, 281, 385, 588, 707, 711, 717, 719, 720], "summary": {"covered_lines": 68, "num_statements": 68, "percent_covered": 100.0, "percent_covered_display": "100", "missing_lines": 0, "excluded_lines": 0, "percent_statements_covered": 100.0, "percent_statements_covered_display": "100"}, "missing_lines": [], "excluded_lines": [], "start_line": 1}}}, "src\\ai\\prompts.py": {"executed_lines": [3, 4, 5, 8, 11, 27, 28, 36, 37, 39, 165, 166, 173, 200, 201, 216, 219, 220, 221, 258, 259, 260, 262, 382, 383, 386, 399, 400, 408, 424, 425, 428, 444, 445, 452, 472, 473, 554, 555, 593, 594, 626, 627, 694, 695, 705, 707, 758, 759, 765, 767], "summary": {"covered_lines": 51, "num_statements": 55, "percent_covered": 92.72727272727273, "percent_covered_display": "93", "missing_lines": 4, "excluded_lines": 0, "percent_statements_covered": 92.72727272727273, "percent_statements_covered_display": "93"}, "missing_lines": [486, 562, 601, 640], "excluded_lines": [], "functions": {"PromptTemplates.analyze_task_prompt": {"executed_lines": [36, 37, 39], "summary": {"covered_lines": 3, "num_statements": 3, "percent_covered": 100.0, "percent_covered_display": "100", "missing_lines": 0, "excluded_lines": 0, "percent_statements_covered": 100.0, "percent_statements_covered_display": "100"}, "missing_lines": [], "excluded_lines": [], "start_line": 28}, "PromptTemplates.generate_questions_prompt": {"executed_lines": [173], "summary": {"covered_lines": 1, "num_statements": 1, "percent_covered": 100.0, "percent_covered_display": "100", "missing_lines": 0, "excluded_lines": 0, "percent_statements_covered": 100.0, "percent_statements_covered_display": "100"}, "missing_lines": [], "excluded_lines": [], "start_line": 166}, "PromptTemplates.generate_spec_prompt": {"executed_lines": [216, 219, 220, 221, 258, 259, 260, 262], "summary": {"covered_lines": 8, "num_statements": 8, "percent_covered": 100.0, "percent_covered_display": "100", "missing_lines": 0, "excluded_lines": 0, "percent_statements_covered": 100.0, "percent_statements_covered_display": "100"}, "missing_lines": [], "excluded_lines": [], "start_line": 201}, "PromptTemplates.format_preview_prompt": {"executed_lines": [386], "summary": {"covered_lines": 1, "num_statements": 1, "percent_covered": 100.0, "percent_covered_display": "100", "missing_lines": 0, "excluded_lines": 0, "percent_statements_covered": 100.0, "percent_statements_covered_display": "100"}, "missing_lines": [], "excluded_lines": [], "start_line": 383}, "PromptTemplates.process_answer_prompt": {"executed_lines": [408], "summary": {"covered_lines": 1, "num_statements": 1, "percent_covered": 100.0, "percent_covered_display": "100", "missing_lines": 0, "excluded_lines": 0, "percent_statements_covered": 100.0, "percent_statements_covered_display": "100"}, "missing_lines": [], "excluded_lines": [], "start_line": 400}, "PromptTemplates.daily_standup_prompt": {"executed_lines": [428], "summary": {"covered_lines": 1, "num_statements": 1, "percent_covered": 100.0, "percent_covered_display": "100", "missing_lines": 0, "excluded_lines": 0, "percent_statements_covered": 100.0, "percent_statements_covered_display": "100"}, "missing_lines": [], "excluded_lines": [], "start_line": 425}, "PromptTemplates.weekly_summary_prompt": {"executed_lines": [452], "summary": {"covered_lines": 1, "num_statements": 1, "percent_covered": 100.0, "percent_covered_display": "100", "missing_lines": 0, "excluded_lines": 0, "percent_statements_covered": 100.0, "percent_statements_covered_display": "100"}, "missing_lines": [], "excluded_lines": [], "start_line": 445}, "PromptTemplates.analyze_spec_readiness_prompt": {"executed_lines": [], "summary": {"covered_lines": 0, "num_statements": 1, "percent_covered": 0.0, "percent_covered_display": "0", "missing_lines": 1, "excluded_lines": 0, "percent_statements_covered": 0.0, "percent_statements_covered_display": "0"}, "missing_lines": [486], "excluded_lines": [], "start_line": 473}, "PromptTemplates.generate_spec_questions_prompt": {"executed_lines": [], "summary": {"covered_lines": 0, "num_statements": 1, "percent_covered": 0.0, "percent_covered_display": "0", "missing_lines": 1, "excluded_lines": 0, "percent_statements_covered": 0.0, "percent_statements_covered_display": "0"}, "missing_lines": [562], "excluded_lines": [], "start_line": 555}, "PromptTemplates.process_spec_answer_prompt": {"executed_lines": [], "summary": {"covered_lines": 0, "num_statements": 1, "percent_covered": 0.0, "percent_covered_display": "0", "missing_lines": 1, "excluded_lines": 0, "percent_statements_covered": 0.0, "percent_statements_covered_display": "0"}, "missing_lines": [601], "excluded_lines": [], "start_line": 594}, "PromptTemplates.generate_detailed_spec_prompt": {"executed_lines": [], "summary": {"covered_lines": 0, "num_statements": 1, "percent_covered": 0.0, "percent_covered_display": "0", "missing_lines": 1, "excluded_lines": 0, "percent_statements_covered": 0.0, "percent_statements_covered_display": "0"}, "missing_lines": [640], "excluded_lines": [], "start_line": 627}, "PromptTemplates.breakdown_task_prompt": {"executed_lines": [705, 707], "summary": {"covered_lines": 2, "num_statements": 2, "percent_covered": 100.0, "percent_covered_display": "100", "missing_lines": 0, "excluded_lines": 0, "percent_statements_covered": 100.0, "percent_statements_covered_display": "100"}, "missing_lines": [], "excluded_lines": [], "start_line": 695}, "PromptTemplates.analyze_attendance_report_prompt": {"executed_lines": [765, 767], "summary": {"covered_lines": 2, "num_statements": 2, "percent_covered": 100.0, "percent_covered_display": "100", "missing_lines": 0, "excluded_lines": 0, "percent_statements_covered": 100.0, "percent_statements_covered_display": "100"}, "missing_lines": [], "excluded_lines": [], "start_line": 759}, "": {"executed_lines": [3, 4, 5, 8, 11, 27, 28, 165, 166, 200, 201, 382, 383, 399, 400, 424, 425, 444, 445, 472, 473, 554, 555, 593, 594, 626, 627, 694, 695, 758, 759], "summary": {"covered_lines": 31, "num_statements": 31, "percent_covered": 100.0, "percent_covered_display": "100", "missing_lines": 0, "excluded_lines": 0, "percent_statements_covered": 100.0, "percent_statements_covered_display": "100"}, "missing_lines": [], "excluded_lines": [], "start_line": 1}}, "classes": {"PromptTemplates": {"executed_lines": [36, 37, 39, 173, 216, 219, 220, 221, 258, 259, 260, 262, 386, 408, 428, 452, 705, 707, 765, 767], "summary": {"covered_lines": 20, "num_statements": 24, "percent_covered": 83.33333333333333, "percent_covered_display": "83", "missing_lines": 4, "excluded_lines": 0, "percent_statements_covered": 83.33333333333333, "percent_statements_covered_display": "83"}, "missing_lines": [486, 562, 601, 640], "excluded_lines": [], "start_line": 8}, "": {"executed_lines": [3, 4, 5, 8, 11, 27, 28, 165, 166, 200, 201, 382, 383, 399, 400, 424, 425, 444, 445, 472, 473, 554, 555, 593, 594, 626, 627, 694, 695, 758, 759], "summary": {"covered_lines": 31, "num_statements": 31, "percent_covered": 100.0, "percent_covered_display": "100", "missing_lines": 0, "excluded_lines": 0, "percent_statements_covered": 100.0, "percent_statements_covered_display": "100"}, "missing_lines": [], "excluded_lines": [], "start_line": 1}}}, "src\\ai\\reviewer.py": {"executed_lines": [8, 9, 10, 11, 12, 14, 16, 19, 21, 22, 23, 26, 27, 29, 30, 31, 32, 33, 34, 35, 37, 38, 42, 55, 68, 69, 73, 76, 77, 78, 80, 171, 240, 265, 306, 308, 309], "summary": {"covered_lines": 37, "num_statements": 136, "percent_covered": 27.205882352941178, "percent_covered_display": "27", "missing_lines": 99, "excluded_lines": 0, "percent_statements_covered": 27.205882352941178, "percent_statements_covered_display": "27"}, "missing_lines": [40, 43, 93, 94, 95, 96, 101, 102, 103, 106, 107, 109, 110, 111, 112, 115, 116, 117, 118, 119, 120, 121, 122, 123, 124, 128, 135, 137, 138, 141, 142, 144, 145, 147, 148, 151, 154, 155, 156, 157, 159, 161, 180, 182, 212, 213, 226, 227, 229, 230, 231, 232, 234, 236, 237, 238, 242, 243, 245, 246, 247, 248, 249, 250, 251, 252, 254, 255, 256, 257, 258, 260, 261, 263, 272, 274, 275, 276, 277, 278, 280, 281, 282, 283, 284, 286, 287, 288, 289, 290, 292, 293, 294, 295, 297, 298, 299, 300, 302], "excluded_lines": [], "functions": {"ReviewFeedback.passes_threshold": {"executed_lines": [], "summary": {"covered_lines": 0, "num_statements": 1, "percent_covered": 0.0, "percent_covered_display": "0", "missing_lines": 1, "excluded_lines": 0, "percent_statements_covered": 0.0, "percent_statements_covered_display": "0"}, "missing_lines": [40], "excluded_lines": [], "start_line": 38}, "ReviewFeedback.to_dict": {"executed_lines": [], "summary": {"covered_lines": 0, "num_statements": 1, "percent_covered": 0.0, "percent_covered_display": "0", "missing_lines": 1, "excluded_lines": 0, "percent_statements_covered": 0.0, "percent_statements_covered_display": "0"}, "missing_lines": [43], "excluded_lines": [], "start_line": 42}, "SubmissionReviewer.__init__": {"executed_lines": [69, 73, 76, 77, 78], "summary": {"covered_lines": 5, "num_statements": 5, "percent_covered": 100.0, "percent_covered_display": "100", "missing_lines": 0, "excluded_lines": 0, "percent_statements_covered": 100.0, "percent_statements_covered_display": "100"}, "missing_lines": [], "excluded_lines": [], "start_line": 68}, "SubmissionReviewer.review_submission": {"executed_lines": [], "summary": {"covered_lines": 0, "num_statements": 40, "percent_covered": 0.0, "percent_covered_display": "0", "missing_lines": 40, "excluded_lines": 0, "percent_statements_covered": 0.0, "percent_statements_covered_display": "0"}, "missing_lines": [93, 94, 95, 96, 101, 102, 103, 106, 107, 109, 110, 111, 112, 115, 116, 117, 118, 119, 120, 121, 122, 123, 124, 128, 135, 137, 138, 141, 142, 144, 145, 147, 148, 151, 154, 155, 156, 157, 159, 161], "excluded_lines": [], "start_line": 80}, "SubmissionReviewer._ai_review": {"executed_lines": [], "summary": {"covered_lines": 0, "num_statements": 14, "percent_covered": 0.0, "percent_covered_display": "0", "missing_lines": 14, "excluded_lines": 0, "percent_statements_covered": 0.0, "percent_statements_covered_display": "0"}, "missing_lines": [180, 182, 212, 213, 226, 227, 229, 230, 231, 232, 234, 236, 237, 238], "excluded_lines": [], "start_line": 171}, "SubmissionReviewer._summarize_proof": {"executed_lines": [], "summary": {"covered_lines": 0, "num_statements": 18, "percent_covered": 0.0, "percent_covered_display": "0", "missing_lines": 18, "excluded_lines": 0, "percent_statements_covered": 0.0, "percent_statements_covered_display": "0"}, "missing_lines": [242, 243, 245, 246, 247, 248, 249, 250, 251, 252, 254, 255, 256, 257, 258, 260, 261, 263], "excluded_lines": [], "start_line": 240}, "SubmissionReviewer.generate_improvement_message": {"executed_lines": [], "summary": {"covered_lines": 0, "num_statements": 25, "percent_covered": 0.0, "percent_covered_display": "0", "missing_lines": 25, "excluded_lines": 0, "percent_statements_covered": 0.0, "percent_statements_covered_display": "0"}, "missing_lines": [272, 274, 275, 276, 277, 278, 280, 281, 282, 283, 284, 286, 287, 288, 289, 290, 292, 293, 294, 295, 297, 298, 299, 300, 302], "excluded_lines": [], "start_line": 265}, "get_submission_reviewer": {"executed_lines": [309], "summary": {"covered_lines": 1, "num_statements": 1, "percent_covered": 100.0, "percent_covered_display": "100", "missing_lines": 0, "excluded_lines": 0, "percent_statements_covered": 100.0, "percent_statements_covered_display": "100"}, "missing_lines": [], "excluded_lines": [], "start_line": 308}, "": {"executed_lines": [8, 9, 10, 11, 12, 14, 16, 19, 21, 22, 23, 26, 27, 29, 30, 31, 32, 33, 34, 35, 37, 38, 42, 55, 68, 80, 171, 240, 265, 306, 308], "summary": {"covered_lines": 31, "num_statements": 31, "percent_covered": 100.0, "percent_covered_display": "100", "missing_lines": 0, "excluded_lines": 0, "percent_statements_covered": 100.0, "percent_statements_covered_display": "100"}, "missing_lines": [], "excluded_lines": [], "start_line": 1}}, "classes": {"ReviewResult": {"executed_lines": [], "summary": {"covered_lines": 0, "num_statements": 0, "percent_covered": 100.0, "percent_covered_display": "100", "missing_lines": 0, "excluded_lines": 0, "percent_statements_covered": 100.0, "percent_statements_covered_display": "100"}, "missing_lines": [], "excluded_lines": [], "start_line": 19}, "ReviewFeedback": {"executed_lines": [], "summary": {"covered_lines": 0, "num_statements": 2, "percent_covered": 0.0, "percent_covered_display": "0", "missing_lines": 2, "excluded_lines": 0, "percent_statements_covered": 0.0, "percent_statements_covered_display": "0"}, "missing_lines": [40, 43], "excluded_lines": [], "start_line": 27}, "SubmissionReviewer": {"executed_lines": [69, 73, 76, 77, 78], "summary": {"covered_lines": 5, "num_statements": 102, "percent_covered": 4.901960784313726, "percent_covered_display": "5", "missing_lines": 97, "excluded_lines": 0, "percent_statements_covered": 4.901960784313726, "percent_statements_covered_display": "5"}, "missing_lines": [93, 94, 95, 96, 101, 102, 103, 106, 107, 109, 110, 111, 112, 115, 116, 117, 118, 119, 120, 121, 122, 123, 124, 128, 135, 137, 138, 141, 142, 144, 145, 147, 148, 151, 154, 155, 156, 157, 159, 161, 180, 182, 212, 213, 226, 227, 229, 230, 231, 232, 234, 236, 237, 238, 242, 243, 245, 246, 247, 248, 249, 250, 251, 252, 254, 255, 256, 257, 258, 260, 261, 263, 272, 274, 275, 276, 277, 278, 280, 281, 282, 283, 284, 286, 287, 288, 289, 290, 292, 293, 294, 295, 297, 298, 299, 300, 302], "excluded_lines": [], "start_line": 55}, "": {"executed_lines": [8, 9, 10, 11, 12, 14, 16, 19, 21, 22, 23, 26, 27, 29, 30, 31, 32, 33, 34, 35, 37, 38, 42, 55, 68, 80, 171, 240, 265, 306, 308, 309], "summary": {"covered_lines": 32, "num_statements": 32, "percent_covered": 100.0, "percent_covered_display": "100", "missing_lines": 0, "excluded_lines": 0, "percent_statements_covered": 100.0, "percent_statements_covered_display": "100"}, "missing_lines": [], "excluded_lines": [], "start_line": 1}}}, "src\\ai\\staff_assistant.py": {"executed_lines": [], "summary": {"covered_lines": 0, "num_statements": 193, "percent_covered": 0.0, "percent_covered_display": "0", "missing_lines": 193, "excluded_lines": 0, "percent_statements_covered": 0.0, "percent_statements_covered_display": "0"}, "missing_lines": [11, 12, 13, 14, 15, 17, 19, 22, 34, 35, 39, 40, 42, 44, 45, 46, 47, 48, 49, 50, 52, 77, 80, 81, 82, 83, 84, 89, 90, 93, 94, 97, 100, 101, 102, 103, 104, 105, 106, 107, 108, 109, 111, 114, 115, 116, 117, 119, 125, 127, 133, 134, 136, 138, 141, 144, 147, 148, 151, 154, 155, 158, 160, 161, 164, 165, 166, 169, 170, 171, 173, 175, 184, 185, 186, 187, 188, 189, 190, 193, 196, 197, 198, 199, 200, 201, 203, 229, 230, 240, 243, 248, 254, 255, 256, 262, 271, 272, 273, 275, 277, 284, 286, 332, 333, 343, 346, 347, 348, 349, 350, 352, 354, 355, 356, 357, 358, 359, 362, 363, 364, 367, 370, 371, 372, 379, 380, 382, 383, 385, 386, 387, 390, 392, 393, 394, 396, 398, 399, 400, 401, 402, 403, 405, 406, 407, 408, 410, 411, 412, 413, 414, 415, 418, 419, 421, 427, 428, 429, 434, 435, 436, 442, 450, 453, 455, 456, 462, 467, 474, 475, 476, 478, 480, 494, 499, 507, 509, 515, 524, 525, 527, 538, 539, 549, 553, 554, 555, 562, 564, 566, 567, 568], "excluded_lines": [], "functions": {"StaffAssistant.__init__": {"executed_lines": [], "summary": {"covered_lines": 0, "num_statements": 3, "percent_covered": 0.0, "percent_covered_display": "0", "missing_lines": 3, "excluded_lines": 0, "percent_statements_covered": 0.0, "percent_statements_covered_display": "0"}, "missing_lines": [35, 39, 40], "excluded_lines": [], "start_line": 34}, "StaffAssistant._get_pattern_learner": {"executed_lines": [], "summary": {"covered_lines": 0, "num_statements": 7, "percent_covered": 0.0, "percent_covered_display": "0", "missing_lines": 7, "excluded_lines": 0, "percent_statements_covered": 0.0, "percent_statements_covered_display": "0"}, "missing_lines": [44, 45, 46, 47, 48, 49, 50], "excluded_lines": [], "start_line": 42}, "StaffAssistant.process_staff_message": {"executed_lines": [], "summary": {"covered_lines": 0, "num_statements": 32, "percent_covered": 0.0, "percent_covered_display": "0", "missing_lines": 32, "excluded_lines": 0, "percent_statements_covered": 0.0, "percent_statements_covered_display": "0"}, "missing_lines": [77, 80, 81, 82, 83, 84, 89, 90, 93, 94, 97, 100, 101, 102, 103, 104, 105, 106, 107, 108, 109, 111, 114, 115, 116, 117, 119, 125, 127, 133, 134, 136], "excluded_lines": [], "start_line": 52}, "StaffAssistant._detect_staff_intent": {"executed_lines": [], "summary": {"covered_lines": 0, "num_statements": 17, "percent_covered": 0.0, "percent_covered_display": "0", "missing_lines": 17, "excluded_lines": 0, "percent_statements_covered": 0.0, "percent_statements_covered_display": "0"}, "missing_lines": [141, 144, 147, 148, 151, 154, 155, 158, 160, 161, 164, 165, 166, 169, 170, 171, 173], "excluded_lines": [], "start_line": 138}, "StaffAssistant._handle_question": {"executed_lines": [], "summary": {"covered_lines": 0, "num_statements": 23, "percent_covered": 0.0, "percent_covered_display": "0", "missing_lines": 23, "excluded_lines": 0, "percent_statements_covered": 0.0, "percent_statements_covered_display": "0"}, "missing_lines": [184, 185, 186, 187, 188, 189, 190, 193, 196, 197, 198, 199, 200, 201, 203, 229, 230, 240, 243, 248, 254, 255, 256], "excluded_lines": [], "start_line": 175}, "StaffAssistant._handle_submission": {"executed_lines": [], "summary": {"covered_lines": 0, "num_statements": 66, "percent_covered": 0.0, "percent_covered_display": "0", "missing_lines": 66, "excluded_lines": 0, "percent_statements_covered": 0.0, "percent_statements_covered_display": "0"}, "missing_lines": [271, 272, 273, 275, 277, 284, 286, 332, 333, 343, 346, 347, 348, 349, 350, 352, 354, 355, 356, 357, 358, 359, 362, 363, 364, 367, 370, 371, 372, 379, 380, 382, 383, 385, 386, 387, 390, 392, 393, 394, 396, 398, 399, 400, 401, 402, 403, 405, 406, 407, 408, 410, 411, 412, 413, 414, 415, 418, 419, 421, 427, 428, 429, 434, 435, 436], "excluded_lines": [], "start_line": 262}, "StaffAssistant._handle_status_update": {"executed_lines": [], "summary": {"covered_lines": 0, "num_statements": 5, "percent_covered": 0.0, "percent_covered_display": "0", "missing_lines": 5, "excluded_lines": 0, "percent_statements_covered": 0.0, "percent_statements_covered_display": "0"}, "missing_lines": [450, 453, 455, 456, 462], "excluded_lines": [], "start_line": 442}, "StaffAssistant._handle_help_request": {"executed_lines": [], "summary": {"covered_lines": 0, "num_statements": 6, "percent_covered": 0.0, "percent_covered_display": "0", "missing_lines": 6, "excluded_lines": 0, "percent_statements_covered": 0.0, "percent_statements_covered_display": "0"}, "missing_lines": [474, 475, 476, 478, 480, 494], "excluded_lines": [], "start_line": 467}, "StaffAssistant._handle_escalation": {"executed_lines": [], "summary": {"covered_lines": 0, "num_statements": 2, "percent_covered": 0.0, "percent_covered_display": "0", "missing_lines": 2, "excluded_lines": 0, "percent_statements_covered": 0.0, "percent_statements_covered_display": "0"}, "missing_lines": [507, 509], "excluded_lines": [], "start_line": 499}, "StaffAssistant._handle_general": {"executed_lines": [], "summary": {"covered_lines": 0, "num_statements": 9, "percent_covered": 0.0, "percent_covered_display": "0", "missing_lines": 9, "excluded_lines": 0, "percent_statements_covered": 0.0, "percent_statements_covered_display": "0"}, "missing_lines": [524, 525, 527, 538, 539, 549, 553, 554, 555], "excluded_lines": [], "start_line": 515}, "get_staff_assistant": {"executed_lines": [], "summary": {"covered_lines": 0, "num_statements": 3, "percent_covered": 0.0, "percent_covered_display": "0", "missing_lines": 3, "excluded_lines": 0, "percent_statements_covered": 0.0, "percent_statements_covered_display": "0"}, "missing_lines": [566, 567, 568], "excluded_lines": [], "start_line": 564}, "": {"executed_lines": [], "summary": {"covered_lines": 0, "num_statements": 20, "percent_covered": 0.0, "percent_covered_display": "0", "missing_lines": 20, "excluded_lines": 0, "percent_statements_covered": 0.0, "percent_statements_covered_display": "0"}, "missing_lines": [11, 12, 13, 14, 15, 17, 19, 22, 34, 42, 52, 138, 175, 262, 442, 467, 499, 515, 562, 564], "excluded_lines": [], "start_line": 1}}, "classes": {"StaffAssistant": {"executed_lines": [], "summary": {"covered_lines": 0, "num_statements": 170, "percent_covered": 0.0, "percent_covered_display": "0", "missing_lines": 170, "excluded_lines": 0, "percent_statements_covered": 0.0, "percent_statements_covered_display": "0"}, "missing_lines": [35, 39, 40, 44, 45, 46, 47, 48, 49, 50, 77, 80, 81, 82, 83, 84, 89, 90, 93, 94, 97, 100, 101, 102, 103, 104, 105, 106, 107, 108, 109, 111, 114, 115, 116, 117, 119, 125, 127, 133, 134, 136, 141, 144, 147, 148, 151, 154, 155, 158, 160, 161, 164, 165, 166, 169, 170, 171, 173, 184, 185, 186, 187, 188, 189, 190, 193, 196, 197, 198, 199, 200, 201, 203, 229, 230, 240, 243, 248, 254, 255, 256, 271, 272, 273, 275, 277, 284, 286, 332, 333, 343, 346, 347, 348, 349, 350, 352, 354, 355, 356, 357, 358, 359, 362, 363, 364, 367, 370, 371, 372, 379, 380, 382, 383, 385, 386, 387, 390, 392, 393, 394, 396, 398, 399, 400, 401, 402, 403, 405, 406, 407, 408, 410, 411, 412, 413, 414, 415, 418, 419, 421, 427, 428, 429, 434, 435, 436, 450, 453, 455, 456, 462, 474, 475, 476, 478, 480, 494, 507, 509, 524, 525, 527, 538, 539, 549, 553, 554, 555], "excluded_lines": [], "start_line": 22}, "": {"executed_lines": [], "summary": {"covered_lines": 0, "num_statements": 23, "percent_covered": 0.0, "percent_covered_display": "0", "missing_lines": 23, "excluded_lines": 0, "percent_statements_covered": 0.0, "percent_statements_covered_display": "0"}, "missing_lines": [11, 12, 13, 14, 15, 17, 19, 22, 34, 42, 52, 138, 175, 262, 442, 467, 499, 515, 562, 564, 566, 567, 568], "excluded_lines": [], "start_line": 1}}}, "src\\ai\\task_processor.py": {"executed_lines": [], "summary": {"covered_lines": 0, "num_statements": 206, "percent_covered": 0.0, "percent_covered_display": "0", "missing_lines": 206, "excluded_lines": 0, "percent_statements_covered": 0.0, "percent_statements_covered_display": "0"}, "missing_lines": [13, 14, 15, 16, 17, 19, 21, 24, 25, 27, 28, 29, 30, 31, 32, 33, 36, 37, 40, 49, 52, 53, 55, 62, 63, 71, 74, 77, 78, 79, 80, 81, 83, 84, 86, 88, 92, 96, 97, 98, 99, 101, 106, 115, 116, 117, 118, 119, 120, 122, 124, 128, 130, 131, 132, 133, 134, 135, 136, 139, 140, 141, 142, 143, 144, 149, 153, 158, 159, 161, 162, 163, 164, 165, 169, 174, 175, 176, 177, 179, 180, 181, 185, 189, 190, 191, 192, 193, 194, 197, 199, 202, 205, 206, 209, 210, 211, 212, 213, 216, 219, 222, 223, 225, 227, 229, 230, 233, 245, 246, 247, 248, 249, 250, 251, 252, 253, 256, 257, 260, 261, 264, 265, 268, 269, 270, 273, 274, 275, 277, 279, 281, 283, 284, 285, 286, 287, 288, 290, 292, 294, 297, 298, 299, 300, 303, 304, 305, 308, 309, 311, 314, 322, 323, 325, 331, 373, 374, 384, 385, 388, 389, 390, 401, 403, 405, 406, 408, 418, 422, 423, 424, 427, 428, 429, 431, 432, 433, 434, 437, 438, 441, 442, 444, 447, 458, 459, 460, 462, 470, 472, 473, 476, 477, 478, 479, 482, 494, 495, 497, 498, 502, 504, 507, 508, 509], "excluded_lines": [], "functions": {"TaskParser.parse_message": {"executed_lines": [], "summary": {"covered_lines": 0, "num_statements": 12, "percent_covered": 0.0, "percent_covered_display": "0", "missing_lines": 12, "excluded_lines": 0, "percent_statements_covered": 0.0, "percent_statements_covered_display": "0"}, "missing_lines": [62, 63, 71, 74, 77, 78, 79, 80, 81, 83, 84, 86], "excluded_lines": [], "start_line": 55}, "TaskParser._extract_preamble": {"executed_lines": [], "summary": {"covered_lines": 0, "num_statements": 14, "percent_covered": 0.0, "percent_covered_display": "0", "missing_lines": 14, "excluded_lines": 0, "percent_statements_covered": 0.0, "percent_statements_covered_display": "0"}, "missing_lines": [92, 96, 97, 98, 99, 101, 106, 115, 116, 117, 118, 119, 120, 122], "excluded_lines": [], "start_line": 88}, "TaskParser._split_into_tasks": {"executed_lines": [], "summary": {"covered_lines": 0, "num_statements": 39, "percent_covered": 0.0, "percent_covered_display": "0", "missing_lines": 39, "excluded_lines": 0, "percent_statements_covered": 0.0, "percent_statements_covered_display": "0"}, "missing_lines": [128, 130, 131, 132, 133, 134, 135, 136, 139, 140, 141, 142, 143, 144, 149, 153, 158, 159, 161, 162, 163, 164, 165, 169, 174, 175, 176, 177, 179, 180, 181, 185, 189, 190, 191, 192, 193, 194, 197], "excluded_lines": [], "start_line": 124}, "TaskParser._parse_single_task": {"executed_lines": [], "summary": {"covered_lines": 0, "num_statements": 13, "percent_covered": 0.0, "percent_covered_display": "0", "missing_lines": 13, "excluded_lines": 0, "percent_statements_covered": 0.0, "percent_statements_covered_display": "0"}, "missing_lines": [202, 205, 206, 209, 210, 211, 212, 213, 216, 219, 222, 223, 225], "excluded_lines": [], "start_line": 199}, "TaskParser._extract_deadline": {"executed_lines": [], "summary": {"covered_lines": 0, "num_statements": 25, "percent_covered": 0.0, "percent_covered_display": "0", "missing_lines": 25, "excluded_lines": 0, "percent_statements_covered": 0.0, "percent_statements_covered_display": "0"}, "missing_lines": [229, 230, 233, 245, 246, 247, 248, 249, 250, 251, 252, 253, 256, 257, 260, 261, 264, 265, 268, 269, 270, 273, 274, 275, 277], "excluded_lines": [], "start_line": 227}, "TaskParser._extract_priority": {"executed_lines": [], "summary": {"covered_lines": 0, "num_statements": 8, "percent_covered": 0.0, "percent_covered_display": "0", "missing_lines": 8, "excluded_lines": 0, "percent_statements_covered": 0.0, "percent_statements_covered_display": "0"}, "missing_lines": [281, 283, 284, 285, 286, 287, 288, 290], "excluded_lines": [], "start_line": 279}, "TaskParser._clean_title": {"executed_lines": [], "summary": {"covered_lines": 0, "num_statements": 11, "percent_covered": 0.0, "percent_covered_display": "0", "missing_lines": 11, "excluded_lines": 0, "percent_statements_covered": 0.0, "percent_statements_covered_display": "0"}, "missing_lines": [294, 297, 298, 299, 300, 303, 304, 305, 308, 309, 311], "excluded_lines": [], "start_line": 292}, "TaskExtractor.__init__": {"executed_lines": [], "summary": {"covered_lines": 0, "num_statements": 1, "percent_covered": 0.0, "percent_covered_display": "0", "missing_lines": 1, "excluded_lines": 0, "percent_statements_covered": 0.0, "percent_statements_covered_display": "0"}, "missing_lines": [323], "excluded_lines": [], "start_line": 322}, "TaskExtractor.extract_fields": {"executed_lines": [], "summary": {"covered_lines": 0, "num_statements": 13, "percent_covered": 0.0, "percent_covered_display": "0", "missing_lines": 13, "excluded_lines": 0, "percent_statements_covered": 0.0, "percent_statements_covered_display": "0"}, "missing_lines": [331, 373, 374, 384, 385, 388, 389, 390, 401, 403, 405, 406, 408], "excluded_lines": [], "start_line": 325}, "TaskExtractor._validate_extraction": {"executed_lines": [], "summary": {"covered_lines": 0, "num_statements": 15, "percent_covered": 0.0, "percent_covered_display": "0", "missing_lines": 15, "excluded_lines": 0, "percent_statements_covered": 0.0, "percent_statements_covered_display": "0"}, "missing_lines": [422, 423, 424, 427, 428, 429, 431, 432, 433, 434, 437, 438, 441, 442, 444], "excluded_lines": [], "start_line": 418}, "TaskProcessor.__init__": {"executed_lines": [], "summary": {"covered_lines": 0, "num_statements": 2, "percent_covered": 0.0, "percent_covered_display": "0", "missing_lines": 2, "excluded_lines": 0, "percent_statements_covered": 0.0, "percent_statements_covered_display": "0"}, "missing_lines": [459, 460], "excluded_lines": [], "start_line": 458}, "TaskProcessor.process_message": {"executed_lines": [], "summary": {"covered_lines": 0, "num_statements": 12, "percent_covered": 0.0, "percent_covered_display": "0", "missing_lines": 12, "excluded_lines": 0, "percent_statements_covered": 0.0, "percent_statements_covered_display": "0"}, "missing_lines": [470, 472, 473, 476, 477, 478, 479, 482, 494, 495, 497, 498], "excluded_lines": [], "start_line": 462}, "get_task_processor": {"executed_lines": [], "summary": {"covered_lines": 0, "num_statements": 3, "percent_covered": 0.0, "percent_covered_display": "0", "missing_lines": 3, "excluded_lines": 0, "percent_statements_covered": 0.0, "percent_statements_covered_display": "0"}, "missing_lines": [507, 508, 509], "excluded_lines": [], "start_line": 504}, "": {"executed_lines": [], "summary": {"covered_lines": 0, "num_statements": 38, "percent_covered": 0.0, "percent_covered_display": "0", "missing_lines": 38, "excluded_lines": 0, "percent_statements_covered": 0.0, "percent_statements_covered_display": "0"}, "missing_lines": [13, 14, 15, 16, 17, 19, 21, 24, 25, 27, 28, 29, 30, 31, 32, 33, 36, 37, 40, 49, 52, 53, 55, 88, 124, 199, 227, 279, 292, 314, 322, 325, 418, 447, 458, 462, 502, 504], "excluded_lines": [], "start_line": 1}}, "classes": {"ParsedTask": {"executed_lines": [], "summary": {"covered_lines": 0, "num_statements": 0, "percent_covered": 100.0, "percent_covered_display": "100", "missing_lines": 0, "excluded_lines": 0, "percent_statements_covered": 100.0, "percent_statements_covered_display": "100"}, "missing_lines": [], "excluded_lines": [], "start_line": 25}, "TaskParser": {"executed_lines": [], "summary": {"covered_lines": 0, "num_statements": 122, "percent_covered": 0.0, "percent_covered_display": "0", "missing_lines": 122, "excluded_lines": 0, "percent_statements_covered": 0.0, "percent_statements_covered_display": "0"}, "missing_lines": [62, 63, 71, 74, 77, 78, 79, 80, 81, 83, 84, 86, 92, 96, 97, 98, 99, 101, 106, 115, 116, 117, 118, 119, 120, 122, 128, 130, 131, 132, 133, 134, 135, 136, 139, 140, 141, 142, 143, 144, 149, 153, 158, 159, 161, 162, 163, 164, 165, 169, 174, 175, 176, 177, 179, 180, 181, 185, 189, 190, 191, 192, 193, 194, 197, 202, 205, 206, 209, 210, 211, 212, 213, 216, 219, 222, 223, 225, 229, 230, 233, 245, 246, 247, 248, 249, 250, 251, 252, 253, 256, 257, 260, 261, 264, 265, 268, 269, 270, 273, 274, 275, 277, 281, 283, 284, 285, 286, 287, 288, 290, 294, 297, 298, 299, 300, 303, 304, 305, 308, 309, 311], "excluded_lines": [], "start_line": 40}, "TaskExtractor": {"executed_lines": [], "summary": {"covered_lines": 0, "num_statements": 29, "percent_covered": 0.0, "percent_covered_display": "0", "missing_lines": 29, "excluded_lines": 0, "percent_statements_covered": 0.0, "percent_statements_covered_display": "0"}, "missing_lines": [323, 331, 373, 374, 384, 385, 388, 389, 390, 401, 403, 405, 406, 408, 422, 423, 424, 427, 428, 429, 431, 432, 433, 434, 437, 438, 441, 442, 444], "excluded_lines": [], "start_line": 314}, "TaskProcessor": {"executed_lines": [], "summary": {"covered_lines": 0, "num_statements": 14, "percent_covered": 0.0, "percent_covered_display": "0", "missing_lines": 14, "excluded_lines": 0, "percent_statements_covered": 0.0, "percent_statements_covered_display": "0"}, "missing_lines": [459, 460, 470, 472, 473, 476, 477, 478, 479, 482, 494, 495, 497, 498], "excluded_lines": [], "start_line": 447}, "": {"executed_lines": [], "summary": {"covered_lines": 0, "num_statements": 41, "percent_covered": 0.0, "percent_covered_display": "0", "missing_lines": 41, "excluded_lines": 0, "percent_statements_covered": 0.0, "percent_statements_covered_display": "0"}, "missing_lines": [13, 14, 15, 16, 17, 19, 21, 24, 25, 27, 28, 29, 30, 31, 32, 33, 36, 37, 40, 49, 52, 53, 55, 88, 124, 199, 227, 279, 292, 314, 322, 325, 418, 447, 458, 462, 502, 504, 507, 508, 509], "excluded_lines": [], "start_line": 1}}}, "src\\ai\\transcriber.py": {"executed_lines": [7, 8, 9, 10, 11, 12, 14, 17, 20, 25, 29, 98, 164, 167, 175], "summary": {"covered_lines": 15, "num_statements": 78, "percent_covered": 19.23076923076923, "percent_covered_display": "19", "missing_lines": 63, "excluded_lines": 0, "percent_statements_covered": 19.23076923076923, "percent_statements_covered_display": "19"}, "missing_lines": [21, 22, 23, 27, 46, 47, 48, 50, 52, 53, 54, 56, 57, 59, 61, 62, 63, 64, 79, 80, 81, 82, 84, 85, 89, 90, 91, 92, 94, 95, 96, 113, 114, 116, 117, 118, 119, 121, 122, 124, 125, 126, 127, 128, 132, 133, 135, 146, 147, 149, 150, 153, 154, 155, 156, 158, 159, 160, 170, 171, 172, 177, 178], "excluded_lines": [], "functions": {"VoiceTranscriber.__init__": {"executed_lines": [], "summary": {"covered_lines": 0, "num_statements": 3, "percent_covered": 0.0, "percent_covered_display": "0", "missing_lines": 3, "excluded_lines": 0, "percent_statements_covered": 0.0, "percent_statements_covered_display": "0"}, "missing_lines": [21, 22, 23], "excluded_lines": [], "start_line": 20}, "VoiceTranscriber.is_available": {"executed_lines": [], "summary": {"covered_lines": 0, "num_statements": 1, "percent_covered": 0.0, "percent_covered_display": "0", "missing_lines": 1, "excluded_lines": 0, "percent_statements_covered": 0.0, "percent_statements_covered_display": "0"}, "missing_lines": [27], "excluded_lines": [], "start_line": 25}, "VoiceTranscriber.transcribe": {"executed_lines": [], "summary": {"covered_lines": 0, "num_statements": 27, "percent_covered": 0.0, "percent_covered_display": "0", "missing_lines": 27, "excluded_lines": 0, "percent_statements_covered": 0.0, "percent_statements_covered_display": "0"}, "missing_lines": [46, 47, 48, 50, 52, 53, 54, 56, 57, 59, 61, 62, 63, 64, 79, 80, 81, 82, 84, 85, 89, 90, 91, 92, 94, 95, 96], "excluded_lines": [], "start_line": 29}, "VoiceTranscriber.transcribe_with_context": {"executed_lines": [], "summary": {"covered_lines": 0, "num_statements": 27, "percent_covered": 0.0, "percent_covered_display": "0", "missing_lines": 27, "excluded_lines": 0, "percent_statements_covered": 0.0, "percent_statements_covered_display": "0"}, "missing_lines": [113, 114, 116, 117, 118, 119, 121, 122, 124, 125, 126, 127, 128, 132, 133, 135, 146, 147, 149, 150, 153, 154, 155, 156, 158, 159, 160], "excluded_lines": [], "start_line": 98}, "get_transcriber": {"executed_lines": [], "summary": {"covered_lines": 0, "num_statements": 3, "percent_covered": 0.0, "percent_covered_display": "0", "missing_lines": 3, "excluded_lines": 0, "percent_statements_covered": 0.0, "percent_statements_covered_display": "0"}, "missing_lines": [170, 171, 172], "excluded_lines": [], "start_line": 167}, "transcribe_voice_message": {"executed_lines": [], "summary": {"covered_lines": 0, "num_statements": 2, "percent_covered": 0.0, "percent_covered_display": "0", "missing_lines": 2, "excluded_lines": 0, "percent_statements_covered": 0.0, "percent_statements_covered_display": "0"}, "missing_lines": [177, 178], "excluded_lines": [], "start_line": 175}, "": {"executed_lines": [7, 8, 9, 10, 11, 12, 14, 17, 20, 25, 29, 98, 164, 167, 175], "summary": {"covered_lines": 15, "num_statements": 15, "percent_covered": 100.0, "percent_covered_display": "100", "missing_lines": 0, "excluded_lines": 0, "percent_statements_covered": 100.0, "percent_statements_covered_display": "100"}, "missing_lines": [], "excluded_lines": [], "start_line": 1}}, "classes": {"VoiceTranscriber": {"executed_lines": [], "summary": {"covered_lines": 0, "num_statements": 58, "percent_covered": 0.0, "percent_covered_display": "0", "missing_lines": 58, "excluded_lines": 0, "percent_statements_covered": 0.0, "percent_statements_covered_display": "0"}, "missing_lines": [21, 22, 23, 27, 46, 47, 48, 50, 52, 53, 54, 56, 57, 59, 61, 62, 63, 64, 79, 80, 81, 82, 84, 85, 89, 90, 91, 92, 94, 95, 96, 113, 114, 116, 117, 118, 119, 121, 122, 124, 125, 126, 127, 128, 132, 133, 135, 146, 147, 149, 150, 153, 154, 155, 156, 158, 159, 160], "excluded_lines": [], "start_line": 17}, "": {"executed_lines": [7, 8, 9, 10, 11, 12, 14, 17, 20, 25, 29, 98, 164, 167, 175], "summary": {"covered_lines": 15, "num_statements": 20, "percent_covered": 75.0, "percent_covered_display": "75", "missing_lines": 5,
[...]
, "percent_statements_covered": 100.0, "percent_statements_covered_display": "100"}, "missing_lines": [], "excluded_lines": [], "start_line": 216}, "with_telegram_retry": {"executed_lines": [], "summary": {"covered_lines": 0, "num_statements": 1, "percent_covered": 0.0, "percent_covered_display": "0", "missing_lines": 1, "excluded_lines": 0, "percent_statements_covered": 0.0, "percent_statements_covered_display": "0"}, "missing_lines": [223], "excluded_lines": [], "start_line": 221}, "with_deepseek_retry": {"executed_lines": [], "summary": {"covered_lines": 0, "num_statements": 1, "percent_covered": 0.0, "percent_covered_display": "0", "missing_lines": 1, "excluded_lines": 0, "percent_statements_covered": 0.0, "percent_statements_covered_display": "0"}, "missing_lines": [228], "excluded_lines": [], "start_line": 226}, "with_database_retry": {"executed_lines": [], "summary": {"covered_lines": 0, "num_statements": 1, "percent_covered": 0.0, "percent_covered_display": "0", "missing_lines": 1, "excluded_lines": 0, "percent_statements_covered": 0.0, "percent_statements_covered_display": "0"}, "missing_lines": [233], "excluded_lines": [], "start_line": 231}, "": {"executed_lines": [8, 9, 10, 11, 12, 14, 17, 19, 22, 130, 174, 181, 188, 195, 202, 211, 216, 221, 226, 231], "summary": {"covered_lines": 20, "num_statements": 20, "percent_covered": 100.0, "percent_covered_display": "100", "missing_lines": 0, "excluded_lines": 0, "percent_statements_covered": 100.0, "percent_statements_covered_display": "100"}, "missing_lines": [], "excluded_lines": [], "start_line": 1}}, "classes": {"RetryExhausted": {"executed_lines": [], "summary": {"covered_lines": 0, "num_statements": 0, "percent_covered": 100.0, "percent_covered_display": "100", "missing_lines": 0, "excluded_lines": 0, "percent_statements_covered": 100.0, "percent_statements_covered_display": "100"}, "missing_lines": [], "excluded_lines": [], "start_line": 17}, "": {"executed_lines": [8, 9, 10, 11, 12, 14, 17, 19, 22, 66, 68, 70, 71, 73, 74, 79, 85, 130, 154, 155, 156, 157, 169, 170, 174, 181, 188, 195, 202, 211, 213, 216, 218, 221, 226, 231], "summary": {"covered_lines": 36, "num_statements": 58, "percent_covered": 62.06896551724138, "percent_covered_display": "62", "missing_lines": 22, "excluded_lines": 0, "percent_statements_covered": 62.06896551724138, "percent_statements_covered_display": "62"}, "missing_lines": [76, 80, 87, 89, 90, 92, 93, 96, 97, 100, 105, 108, 109, 111, 117, 119, 121, 124, 127, 223, 228, 233], "excluded_lines": [], "start_line": 1}}}, "src\\utils\\team_utils.py": {"executed_lines": [9, 10, 11, 13, 16, 17, 19, 20, 21, 22, 23, 24, 27, 121, 158, 172], "summary": {"covered_lines": 16, "num_statements": 77, "percent_covered": 20.77922077922078, "percent_covered_display": "21", "missing_lines": 61, "excluded_lines": 0, "percent_statements_covered": 20.77922077922078, "percent_statements_covered_display": "21"}, "missing_lines": [42, 43, 45, 48, 49, 50, 51, 52, 53, 54, 62, 63, 66, 67, 68, 69, 71, 73, 74, 75, 76, 77, 79, 80, 81, 82, 84, 85, 87, 88, 96, 97, 100, 101, 102, 103, 104, 105, 106, 114, 115, 117, 118, 135, 143, 144, 146, 147, 149, 150, 151, 152, 153, 155, 168, 169, 184, 185, 188, 191, 194], "excluded_lines": [], "functions": {"lookup_team_member": {"executed_lines": [], "summary": {"covered_lines": 0, "num_statements": 43, "percent_covered": 0.0, "percent_covered_display": "0", "missing_lines": 43, "excluded_lines": 0, "percent_statements_covered": 0.0, "percent_statements_covered_display": "0"}, "missing_lines": [42, 43, 45, 48, 49, 50, 51, 52, 53, 54, 62, 63, 66, 67, 68, 69, 71, 73, 74, 75, 76, 77, 79, 80, 81, 82, 84, 85, 87, 88, 96, 97, 100, 101, 102, 103, 104, 105, 106, 114, 115, 117, 118], "excluded_lines": [], "start_line": 27}, "get_assignee_info": {"executed_lines": [], "summary": {"covered_lines": 0, "num_statements": 11, "percent_covered": 0.0, "percent_covered_display": "0", "missing_lines": 11, "excluded_lines": 0, "percent_statements_covered": 0.0, "percent_statements_covered_display": "0"}, "missing_lines": [135, 143, 144, 146, 147, 149, 150, 151, 152, 153, 155], "excluded_lines": [], "start_line": 121}, "get_role_for_assignee": {"executed_lines": [], "summary": {"covered_lines": 0, "num_statements": 2, "percent_covered": 0.0, "percent_covered_display": "0", "missing_lines": 2, "excluded_lines": 0, "percent_statements_covered": 0.0, "percent_statements_covered_display": "0"}, "missing_lines": [168, 169], "excluded_lines": [], "start_line": 158}, "validate_discord_id": {"executed_lines": [], "summary": {"covered_lines": 0, "num_statements": 5, "percent_covered": 0.0, "percent_covered_display": "0", "missing_lines": 5, "excluded_lines": 0, "percent_statements_covered": 0.0, "percent_statements_covered_display": "0"}, "missing_lines": [184, 185, 188, 191, 194], "excluded_lines": [], "start_line": 172}, "": {"executed_lines": [9, 10, 11, 13, 16, 17, 19, 20, 21, 22, 23, 24, 27, 121, 158, 172], "summary": {"covered_lines": 16, "num_statements": 16, "percent_covered": 100.0, "percent_covered_display": "100", "missing_lines": 0, "excluded_lines": 0, "percent_statements_covered": 100.0, "percent_statements_covered_display": "100"}, "missing_lines": [], "excluded_lines": [], "start_line": 1}}, "classes": {"TeamMemberInfo": {"executed_lines": [], "summary": {"covered_lines": 0, "num_statements": 0, "percent_covered": 100.0, "percent_covered_display": "100", "missing_lines": 0, "excluded_lines": 0, "percent_statements_covered": 100.0, "percent_statements_covered_display": "100"}, "missing_lines": [], "excluded_lines": [], "start_line": 17}, "": {"executed_lines": [9, 10, 11, 13, 16, 17, 19, 20, 21, 22, 23, 24, 27, 121, 158, 172], "summary": {"covered_lines": 16, "num_statements": 77, "percent_covered": 20.77922077922078, "percent_covered_display": "21", "missing_lines": 61, "excluded_lines": 0, "percent_statements_covered": 20.77922077922078, "percent_statements_covered_display": "21"}, "missing_lines": [42, 43, 45, 48, 49, 50, 51, 52, 53, 54, 62, 63, 66, 67, 68, 69, 71, 73, 74, 75, 76, 77, 79, 80, 81, 82, 84, 85, 87, 88, 96, 97, 100, 101, 102, 103, 104, 105, 106, 114, 115, 117, 118, 135, 143, 144, 146, 147, 149, 150, 151, 152, 153, 155, 168, 169, 184, 185, 188, 191, 194], "excluded_lines": [], "start_line": 1}}}, "src\\utils\\validation.py": {"executed_lines": [8, 9, 10, 11, 12, 14, 15, 17, 20, 21, 23, 24, 25, 27, 28, 32, 33, 38, 56, 76, 90, 108, 190], "summary": {"covered_lines": 23, "num_statements": 78, "percent_covered": 29.487179487179485, "percent_covered_display": "29", "missing_lines": 55, "excluded_lines": 0, "percent_statements_covered": 29.487179487179485, "percent_statements_covered_display": "29"}, "missing_lines": [30, 35, 48, 49, 52, 53, 68, 69, 72, 73, 86, 87, 100, 105, 138, 139, 142, 143, 144, 145, 146, 147, 150, 151, 154, 155, 158, 159, 162, 163, 166, 168, 169, 172, 173, 176, 177, 178, 179, 182, 183, 185, 186, 187, 207, 213, 218, 219, 222, 223, 224, 227, 228, 229, 231], "excluded_lines": [], "functions": {"ValidationResult.success": {"executed_lines": [], "summary": {"covered_lines": 0, "num_statements": 1, "percent_covered": 0.0, "percent_covered_display": "0", "missing_lines": 1, "excluded_lines": 0, "percent_statements_covered": 0.0, "percent_statements_covered_display": "0"}, "missing_lines": [30], "excluded_lines": [], "start_line": 28}, "ValidationResult.failure": {"executed_lines": [], "summary": {"covered_lines": 0, "num_statements": 1, "percent_covered": 0.0, "percent_covered_display": "0", "missing_lines": 1, "excluded_lines": 0, "percent_statements_covered": 0.0, "percent_statements_covered_display": "0"}, "missing_lines": [35], "excluded_lines": [], "start_line": 33}, "validate_email": {"executed_lines": [], "summary": {"covered_lines": 0, "num_statements": 4, "percent_covered": 0.0, "percent_covered_display": "0", "missing_lines": 4, "excluded_lines": 0, "percent_statements_covered": 0.0, "percent_statements_covered_display": "0"}, "missing_lines": [48, 49, 52, 53], "excluded_lines": [], "start_line": 38}, "validate_task_id": {"executed_lines": [], "summary": {"covered_lines": 0, "num_statements": 4, "percent_covered": 0.0, "percent_covered_display": "0", "missing_lines": 4, "excluded_lines": 0, "percent_statements_covered": 0.0, "percent_statements_covered_display": "0"}, "missing_lines": [68, 69, 72, 73], "excluded_lines": [], "start_line": 56}, "validate_priority": {"executed_lines": [], "summary": {"covered_lines": 0, "num_statements": 2, "percent_covered": 0.0, "percent_covered_display": "0", "missing_lines": 2, "excluded_lines": 0, "percent_statements_covered": 0.0, "percent_statements_covered_display": "0"}, "missing_lines": [86, 87], "excluded_lines": [], "start_line": 76}, "validate_status": {"executed_lines": [], "summary": {"covered_lines": 0, "num_statements": 2, "percent_covered": 0.0, "percent_covered_display": "0", "missing_lines": 2, "excluded_lines": 0, "percent_statements_covered": 0.0, "percent_statements_covered_display": "0"}, "missing_lines": [100, 105], "excluded_lines": [], "start_line": 90}, "validate_task_data": {"executed_lines": [], "summary": {"covered_lines": 0, "num_statements": 30, "percent_covered": 0.0, "percent_covered_display": "0", "missing_lines": 30, "excluded_lines": 0, "percent_statements_covered": 0.0, "percent_statements_covered_display": "0"}, "missing_lines": [138, 139, 142, 143, 144, 145, 146, 147, 150, 151, 154, 155, 158, 159, 162, 163, 166, 168, 169, 172, 173, 176, 177, 178, 179, 182, 183, 185, 186, 187], "excluded_lines": [], "start_line": 108}, "validate_status_transition": {"executed_lines": [], "summary": {"covered_lines": 0, "num_statements": 11, "percent_covered": 0.0, "percent_covered_display": "0", "missing_lines": 11, "excluded_lines": 0, "percent_statements_covered": 0.0, "percent_statements_covered_display": "0"}, "missing_lines": [207, 213, 218, 219, 222, 223, 224, 227, 228, 229, 231], "excluded_lines": [], "start_line": 190}, "": {"executed_lines": [8, 9, 10, 11, 12, 14, 15, 17, 20, 21, 23, 24, 25, 27, 28, 32, 33, 38, 56, 76, 90, 108, 190], "summary": {"covered_lines": 23, "num_statements": 23, "percent_covered": 100.0, "percent_covered_display": "100", "missing_lines": 0, "excluded_lines": 0, "percent_statements_covered": 100.0, "percent_statements_covered_display": "100"}, "missing_lines": [], "excluded_lines": [], "start_line": 1}}, "classes": {"ValidationResult": {"executed_lines": [], "summary": {"covered_lines": 0, "num_statements": 2, "percent_covered": 0.0, "percent_covered_display": "0", "missing_lines": 2, "excluded_lines": 0, "percent_statements_covered": 0.0, "percent_statements_covered_display": "0"}, "missing_lines": [30, 35], "excluded_lines": [], "start_line": 21}, "": {"executed_lines": [8, 9, 10, 11, 12, 14, 15, 17, 20, 21, 23, 24, 25, 27, 28, 32, 33, 38, 56, 76, 90, 108, 190], "summary": {"covered_lines": 23, "num_statements": 76, "percent_covered": 30.263157894736842, "percent_covered_display": "30", "missing_lines": 53, "excluded_lines": 0, "percent_statements_covered": 30.263157894736842, "percent_statements_covered_display": "30"}, "missing_lines": [48, 49, 52, 53, 68, 69, 72, 73, 86, 87, 100, 105, 138, 139, 142, 143, 144, 145, 146, 147, 150, 151, 154, 155, 158, 159, 162, 163, 166, 168, 169, 172, 173, 176, 177, 178, 179, 182, 183, 185, 186, 187, 207, 213, 218, 219, 222, 223, 224, 227, 228, 229, 231], "excluded_lines": [], "start_line": 1}}}, "src\\web\\__init__.py": {"executed_lines": [5, 7], "summary": {"covered_lines": 2, "num_statements": 2, "percent_covered": 100.0, "percent_covered_display": "100", "missing_lines": 0, "excluded_lines": 0, "percent_statements_covered": 100.0, "percent_statements_covered_display": "100"}, "missing_lines": [], "excluded_lines": [], "functions": {"": {"executed_lines": [5, 7], "summary": {"covered_lines": 2, "num_statements": 2, "percent_covered": 100.0, "percent_covered_display": "100", "missing_lines": 0, "excluded_lines": 0, "percent_statements_covered": 100.0, "percent_statements_covered_display": "100"}, "missing_lines": [], "excluded_lines": [], "start_line": 1}}, "classes": {"": {"executed_lines": [5, 7], "summary": {"covered_lines": 2, "num_statements": 2, "percent_covered": 100.0, "percent_covered_display": "100", "missing_lines": 0, "excluded_lines": 0, "percent_statements_covered": 100.0, "percent_statements_covered_display": "100"}, "missing_lines": [], "excluded_lines": [], "start_line": 1}}}, "src\\web\\routes.py": {"executed_lines": [5, 6, 7, 8, 9, 10, 12, 13, 14, 16, 18, 20, 23, 26, 29, 31, 32, 33, 34, 35, 36, 37, 38, 39, 46, 47, 57, 58, 113, 114, 191, 192, 319, 320, 396, 418, 419, 487, 488, 671, 672], "summary": {"covered_lines": 41, "num_statements": 199, "percent_covered": 20.603015075376884, "percent_covered_display": "21", "missing_lines": 158, "excluded_lines": 0, "percent_statements_covered": 20.603015075376884, "percent_statements_covered_display": "21"}, "missing_lines": [49, 51, 52, 54, 60, 106, 120, 122, 124, 127, 128, 131, 133, 142, 143, 146, 147, 148, 150, 157, 158, 159, 162, 163, 164, 165, 167, 169, 179, 180, 181, 182, 183, 196, 197, 209, 211, 212, 214, 215, 217, 218, 220, 221, 222, 225, 226, 237, 238, 240, 243, 244, 245, 246, 250, 251, 252, 255, 256, 257, 258, 259, 267, 268, 269, 272, 300, 302, 303, 304, 316, 324, 325, 328, 330, 332, 362, 365, 366, 373, 378, 380, 382, 393, 400, 402, 403, 408, 410, 411, 421, 422, 424, 425, 427, 429, 430, 431, 441, 476, 478, 479, 480, 498, 500, 501, 502, 503, 504, 505, 506, 507, 508, 511, 512, 513, 514, 515, 516, 517, 520, 521, 522, 523, 525, 526, 536, 537, 540, 541, 542, 548, 559, 560, 561, 571, 664, 666, 667, 668, 674, 675, 681, 682, 683, 684, 685, 686, 688, 689, 690, 691, 692, 693, 695, 697, 698, 699], "excluded_lines": [], "functions": {"onboard_page": {"executed_lines": [], "summary": {"covered_lines": 0, "num_statements": 4, "percent_covered": 0.0, "percent_covered_display": "0", "missing_lines": 4, "excluded_lines": 0, "percent_statements_covered": 0.0, "percent_statements_covered_display": "0"}, "missing_lines": [49, 51, 52, 54], "excluded_lines": [], "start_line": 47}, "onboard_success": {"executed_lines": [], "summary": {"covered_lines": 0, "num_statements": 2, "percent_covered": 0.0, "percent_covered_display": "0", "missing_lines": 2, "excluded_lines": 0, "percent_statements_covered": 0.0, "percent_statements_covered_display": "0"}, "missing_lines": [60, 106], "excluded_lines": [], "start_line": 58}, "submit_onboarding": {"executed_lines": [], "summary": {"covered_lines": 0, "num_statements": 27, "percent_covered": 0.0, "percent_covered_display": "0", "missing_lines": 27, "excluded_lines": 0, "percent_statements_covered": 0.0, "percent_statements_covered_display": "0"}, "missing_lines": [120, 122, 124, 127, 128, 131, 133, 142, 143, 146, 147, 148, 150, 157, 158, 159, 162, 163, 164, 165, 167, 169, 179, 180, 181, 182, 183], "excluded_lines": [], "start_line": 114}, "google_auth_callback": {"executed_lines": [], "summary": {"covered_lines": 0, "num_statements": 38, "percent_covered": 0.0, "percent_covered_display": "0", "missing_lines": 38, "excluded_lines": 0, "percent_statements_covered": 0.0, "percent_statements_covered_display": "0"}, "missing_lines": [196, 197, 209, 211, 212, 214, 215, 217, 218, 220, 221, 222, 225, 226, 237, 238, 240, 243, 244, 245, 246, 250, 251, 252, 255, 256, 257, 258, 259, 267, 268, 269, 272, 300, 302, 303, 304, 316], "excluded_lines": [], "start_line": 192}, "google_auth_start": {"executed_lines": [], "summary": {"covered_lines": 0, "num_statements": 13, "percent_covered": 0.0, "percent_covered_display": "0", "missing_lines": 13, "excluded_lines": 0, "percent_statements_covered": 0.0, "percent_statements_covered_display": "0"}, "missing_lines": [324, 325, 328, 330, 332, 362, 365, 366, 373, 378, 380, 382, 393], "excluded_lines": [], "start_line": 320}, "store_oauth_token": {"executed_lines": [], "summary": {"covered_lines": 0, "num_statements": 6, "percent_covered": 0.0, "percent_covered_display": "0", "missing_lines": 6, "excluded_lines": 0, "percent_statements_covered": 0.0, "percent_statements_covered_display": "0"}, "missing_lines": [400, 402, 403, 408, 410, 411], "excluded_lines": [], "start_line": 396}, "team_list": {"executed_lines": [], "summary": {"covered_lines": 0, "num_statements": 13, "percent_covered": 0.0, "percent_covered_display": "0", "missing_lines": 13, "excluded_lines": 0, "percent_statements_covered": 0.0, "percent_statements_covered_display": "0"}, "missing_lines": [421, 422, 424, 425, 427, 429, 430, 431, 441, 476, 478, 479, 480], "excluded_lines": [], "start_line": 419}, "audit_dashboard": {"executed_lines": [], "summary": {"covered_lines": 0, "num_statements": 37, "percent_covered": 0.0, "percent_covered_display": "0", "missing_lines": 37, "excluded_lines": 0, "percent_statements_covered": 0.0, "percent_statements_covered_display": "0"}, "missing_lines": [498, 500, 501, 502, 503, 504, 505, 506, 507, 508, 511, 512, 513, 514, 515, 516, 517, 520, 521, 522, 523, 525, 526, 536, 537, 540, 541, 542, 548, 559, 560, 561, 571, 664, 666, 667, 668], "excluded_lines": [], "start_line": 488}, "audit_stats_api": {"executed_lines": [], "summary": {"covered_lines": 0, "num_statements": 18, "percent_covered": 0.0, "percent_covered_display": "0", "missing_lines": 18, "excluded_lines": 0, "percent_statements_covered": 0.0, "percent_statements_covered_display": "0"}, "missing_lines": [674, 675, 681, 682, 683, 684, 685, 686, 688, 689, 690, 691, 692, 693, 695, 697, 698, 699], "excluded_lines": [], "start_line": 672}, "": {"executed_lines": [5, 6, 7, 8, 9, 10, 12, 13, 14, 16, 18, 20, 23, 26, 29, 31, 32, 33, 34, 35, 36, 37, 38, 39, 46, 47, 57, 58, 113, 114, 191, 192, 319, 320, 396, 418, 419, 487, 488, 671, 672], "summary": {"covered_lines": 41, "num_statements": 41, "percent_covered": 100.0, "percent_covered_display": "100", "missing_lines": 0, "excluded_lines": 0, "percent_statements_covered": 100.0, "percent_statements_covered_display": "100"}, "missing_lines": [], "excluded_lines": [], "start_line": 1}}, "classes": {"OnboardingData": {"executed_lines": [], "summary": {"covered_lines": 0, "num_statements": 0, "percent_covered": 100.0, "percent_covered_display": "100", "missing_lines": 0, "excluded_lines": 0, "percent_statements_covered": 100.0, "percent_statements_covered_display": "100"}, "missing_lines": [], "excluded_lines": [], "start_line": 29}, "": {"executed_lines": [5, 6, 7, 8, 9, 10, 12, 13, 14, 16, 18, 20, 23, 26, 29, 31, 32, 33, 34, 35, 36, 37, 38, 39, 46, 47, 57, 58, 113, 114, 191, 192, 319, 320, 396, 418, 419, 487, 488, 671, 672], "summary": {"covered_lines": 41, "num_statements": 199, "percent_covered": 20.603015075376884, "percent_covered_display": "21", "missing_lines": 158, "excluded_lines": 0, "percent_statements_covered": 20.603015075376884, "percent_statements_covered_display": "21"}, "missing_lines": [49, 51, 52, 54, 60, 106, 120, 122, 124, 127, 128, 131, 133, 142, 143, 146, 147, 148, 150, 157, 158, 159, 162, 163, 164, 165, 167, 169, 179, 180, 181, 182, 183, 196, 197, 209, 211, 212, 214, 215, 217, 218, 220, 221, 222, 225, 226, 237, 238, 240, 243, 244, 245, 246, 250, 251, 252, 255, 256, 257, 258, 259, 267, 268, 269, 272, 300, 302, 303, 304, 316, 324, 325, 328, 330, 332, 362, 365, 366, 373, 378, 380, 382, 393, 400, 402, 403, 408, 410, 411, 421, 422, 424, 425, 427, 429, 430, 431, 441, 476, 478, 479, 480, 498, 500, 501, 502, 503, 504, 505, 506, 507, 508, 511, 512, 513, 514, 515, 516, 517, 520, 521, 522, 523, 525, 526, 536, 537, 540, 541, 542, 548, 559, 560, 561, 571, 664, 666, 667, 668, 674, 675, 681, 682, 683, 684, 685, 686, 688, 689, 690, 691, 692, 693, 695, 697, 698, 699], "excluded_lines": [], "start_line": 1}}}}, "totals": {"covered_lines": 6591, "num_statements": 18026, "percent_covered": 36.56385221346943, "percent_covered_display": "37", "missing_lines": 11435, "excluded_lines": 5, "percent_statements_covered": 36.56385221346943, "percent_statements_covered_display": "37"}}